2011/04/20 15:28:12 [error] [php] include(Controller.php) [<a href='function.include'>function.include</a>]: failed to open stream: No such file or directory (C:\www\gpor-contrib\9may2011\framework\YiiBase.php:396)
Stack trace:
#0 C:\www\gpor-contrib\9may2011\protected\controllers\SiteController.php(4): spl_autoload_call()
#1 C:\www\gpor-contrib\9may2011\framework\web\CWebApplication.php(396): require()
#2 C:\www\gpor-contrib\9may2011\framework\web\CWebApplication.php(322): CWebApplication->createController()
#3 C:\www\gpor-contrib\9may2011\framework\web\CWebApplication.php(121): CWebApplication->runController()
#4 C:\www\gpor-contrib\9may2011\framework\base\CApplication.php(155): CWebApplication->processRequest()
#5 C:\www\gpor-contrib\9may2011\index.php(13): CWebApplication->run()
REQUEST_URI=/gpor-contrib/9may2011/
in C:\www\gpor-contrib\9may2011\protected\controllers\SiteController.php (4)
in C:\www\gpor-contrib\9may2011\index.php (13)
2011/04/20 15:30:41 [error] [php] include(Controller.php) [<a href='function.include'>function.include</a>]: failed to open stream: No such file or directory (C:\www\gpor-contrib\9may2011\framework\YiiBase.php:396)
Stack trace:
#0 C:\www\gpor-contrib\9may2011\protected\controllers\SiteController.php(4): spl_autoload_call()
#1 C:\www\gpor-contrib\9may2011\framework\web\CWebApplication.php(396): require()
#2 C:\www\gpor-contrib\9may2011\framework\web\CWebApplication.php(322): CWebApplication->createController()
#3 C:\www\gpor-contrib\9may2011\framework\web\CWebApplication.php(121): CWebApplication->runController()
#4 C:\www\gpor-contrib\9may2011\framework\base\CApplication.php(155): CWebApplication->processRequest()
#5 C:\www\gpor-contrib\9may2011\index.php(13): CWebApplication->run()
REQUEST_URI=/gpor-contrib/9may2011/
in C:\www\gpor-contrib\9may2011\protected\controllers\SiteController.php (4)
in C:\www\gpor-contrib\9may2011\index.php (13)
2011/04/20 15:31:44 [error] [exception.CException] exception 'CException' with message 'SiteController cannot find the requested view "index".' in C:\www\gpor-contrib\9may2011\framework\web\CController.php:875
Stack trace:
#0 C:\www\gpor-contrib\9may2011\framework\web\CController.php(779): CController->renderPartial('index', NULL, true)
#1 C:\www\gpor-contrib\9may2011\protected\controllers\SiteController.php(32): CController->render('index')
#2 C:\www\gpor-contrib\9may2011\framework\web\actions\CInlineAction.php(50): SiteController->actionIndex()
#3 C:\www\gpor-contrib\9may2011\framework\web\CController.php(300): CInlineAction->runWithParams(Array)
#4 C:\www\gpor-contrib\9may2011\framework\web\CController.php(278): CController->runAction(Object(CInlineAction))
#5 C:\www\gpor-contrib\9may2011\framework\web\CController.php(257): CController->runActionWithFilters(Object(CInlineAction), Array)
#6 C:\www\gpor-contrib\9may2011\framework\web\CWebApplication.php(328): CController->run('')
#7 C:\www\gpor-contrib\9may2011\framework\web\CWebApplication.php(121): CWebApplication->runController('')
#8 C:\www\gpor-contrib\9may2011\framework\base\CApplication.php(155): CWebApplication->processRequest()
#9 C:\www\gpor-contrib\9may2011\index.php(13): CApplication->run()
#10 {main} REQUEST_URI=/gpor-contrib/9may2011/
2011/04/20 15:35:16 [error] [exception.CHttpException.404] exception 'CHttpException' with message 'The system is unable to find the requested action "index".' in C:\www\gpor-contrib\9may2011\framework\web\CController.php:477
Stack trace:
#0 C:\www\gpor-contrib\9may2011\framework\web\CController.php(262): CController->missingAction('')
#1 C:\www\gpor-contrib\9may2011\framework\web\CWebApplication.php(328): CController->run('')
#2 C:\www\gpor-contrib\9may2011\framework\web\CWebApplication.php(121): CWebApplication->runController('')
#3 C:\www\gpor-contrib\9may2011\framework\base\CApplication.php(155): CWebApplication->processRequest()
#4 C:\www\gpor-contrib\9may2011\index.php(13): CApplication->run()
#5 {main} REQUEST_URI=/gpor-contrib/9may2011/
2011/04/20 15:42:30 [error] [exception.CException] exception 'CException' with message 'SiteController cannot find the requested view "index".' in C:\www\gpor-contrib\9may2011\framework\web\CController.php:875
Stack trace:
#0 C:\www\gpor-contrib\9may2011\framework\web\CController.php(779): CController->renderPartial('index', NULL, true)
#1 C:\www\gpor-contrib\9may2011\protected\controllers\SiteController.php(7): CController->render('index')
#2 C:\www\gpor-contrib\9may2011\framework\web\actions\CInlineAction.php(50): SiteController->actionIndex()
#3 C:\www\gpor-contrib\9may2011\framework\web\CController.php(300): CInlineAction->runWithParams(Array)
#4 C:\www\gpor-contrib\9may2011\framework\web\CController.php(278): CController->runAction(Object(CInlineAction))
#5 C:\www\gpor-contrib\9may2011\framework\web\CController.php(257): CController->runActionWithFilters(Object(CInlineAction), Array)
#6 C:\www\gpor-contrib\9may2011\framework\web\CWebApplication.php(328): CController->run('')
#7 C:\www\gpor-contrib\9may2011\framework\web\CWebApplication.php(121): CWebApplication->runController('')
#8 C:\www\gpor-contrib\9may2011\framework\base\CApplication.php(155): CWebApplication->processRequest()
#9 C:\www\gpor-contrib\9may2011\index.php(13): CApplication->run()
#10 {main} REQUEST_URI=/gpor-contrib/9may2011/
2011/04/20 15:56:42 [error] [exception.CHttpException.404] exception 'CHttpException' with message 'Unable to resolve the request "f".' in C:\www\gpor-contrib\9may2011\framework\web\CWebApplication.php:332
Stack trace:
#0 C:\www\gpor-contrib\9may2011\framework\web\CWebApplication.php(121): CWebApplication->runController('f')
#1 C:\www\gpor-contrib\9may2011\framework\base\CApplication.php(155): CWebApplication->processRequest()
#2 C:\www\gpor-contrib\9may2011\index.php(13): CApplication->run()
#3 {main} REQUEST_URI=/gpor-contrib/9may2011/index.php/f
2011/04/20 15:57:08 [error] [exception.CHttpException.404] exception 'CHttpException' with message 'Unable to resolve the request "f".' in C:\www\gpor-contrib\9may2011\framework\web\CWebApplication.php:332
Stack trace:
#0 C:\www\gpor-contrib\9may2011\framework\web\CWebApplication.php(121): CWebApplication->runController('f')
#1 C:\www\gpor-contrib\9may2011\framework\base\CApplication.php(155): CWebApplication->processRequest()
#2 C:\www\gpor-contrib\9may2011\index.php(13): CApplication->run()
#3 {main} REQUEST_URI=/gpor-contrib/9may2011/index.php/f
2011/04/20 15:58:51 [error] [exception.CHttpException.404] exception 'CHttpException' with message 'Unable to resolve the request "b".' in C:\www\gpor-contrib\9may2011\framework\web\CWebApplication.php:332
Stack trace:
#0 C:\www\gpor-contrib\9may2011\framework\web\CWebApplication.php(121): CWebApplication->runController('b')
#1 C:\www\gpor-contrib\9may2011\framework\base\CApplication.php(155): CWebApplication->processRequest()
#2 C:\www\gpor-contrib\9may2011\index.php(13): CApplication->run()
#3 {main} REQUEST_URI=/gpor-contrib/9may2011/b
2011/04/20 15:58:58 [error] [exception.CHttpException.404] exception 'CHttpException' with message 'Unable to resolve the request "I".' in C:\www\gpor-contrib\9may2011\framework\web\CWebApplication.php:332
Stack trace:
#0 C:\www\gpor-contrib\9may2011\framework\web\CWebApplication.php(121): CWebApplication->runController('I')
#1 C:\www\gpor-contrib\9may2011\framework\base\CApplication.php(155): CWebApplication->processRequest()
#2 C:\www\gpor-contrib\9may2011\index.php(13): CApplication->run()
#3 {main} REQUEST_URI=/gpor-contrib/9may2011/I
2011/04/20 15:59:08 [error] [exception.CHttpException.404] exception 'CHttpException' with message 'Unable to resolve the request "I".' in C:\www\gpor-contrib\9may2011\framework\web\CWebApplication.php:332
Stack trace:
#0 C:\www\gpor-contrib\9may2011\framework\web\CWebApplication.php(121): CWebApplication->runController('I')
#1 C:\www\gpor-contrib\9may2011\framework\base\CApplication.php(155): CWebApplication->processRequest()
#2 C:\www\gpor-contrib\9may2011\index.php(13): CApplication->run()
#3 {main} REQUEST_URI=/gpor-contrib/9may2011/I
2011/04/20 16:00:01 [error] [exception.CHttpException.404] exception 'CHttpException' with message 'Unable to resolve the request "g".' in C:\www\gpor-contrib\9may2011\framework\web\CWebApplication.php:332
Stack trace:
#0 C:\www\gpor-contrib\9may2011\framework\web\CWebApplication.php(121): CWebApplication->runController('g')
#1 C:\www\gpor-contrib\9may2011\framework\base\CApplication.php(155): CWebApplication->processRequest()
#2 C:\www\gpor-contrib\9may2011\index.php(13): CApplication->run()
#3 {main} REQUEST_URI=/gpor-contrib/9may2011/g
2011/04/20 16:00:04 [error] [exception.CHttpException.404] exception 'CHttpException' with message 'Unable to resolve the request "g".' in C:\www\gpor-contrib\9may2011\framework\web\CWebApplication.php:332
Stack trace:
#0 C:\www\gpor-contrib\9may2011\framework\web\CWebApplication.php(121): CWebApplication->runController('g')
#1 C:\www\gpor-contrib\9may2011\framework\base\CApplication.php(155): CWebApplication->processRequest()
#2 C:\www\gpor-contrib\9may2011\index.php(13): CApplication->run()
#3 {main} REQUEST_URI=/gpor-contrib/9may2011/g/
2011/04/20 16:00:07 [error] [exception.CHttpException.404] exception 'CHttpException' with message 'Unable to resolve the request "gg".' in C:\www\gpor-contrib\9may2011\framework\web\CWebApplication.php:332
Stack trace:
#0 C:\www\gpor-contrib\9may2011\framework\web\CWebApplication.php(121): CWebApplication->runController('gg')
#1 C:\www\gpor-contrib\9may2011\framework\base\CApplication.php(155): CWebApplication->processRequest()
#2 C:\www\gpor-contrib\9may2011\index.php(13): CApplication->run()
#3 {main} REQUEST_URI=/gpor-contrib/9may2011/gg/
2011/04/20 16:00:10 [error] [exception.CHttpException.404] exception 'CHttpException' with message 'Unable to resolve the request "gsdfgg".' in C:\www\gpor-contrib\9may2011\framework\web\CWebApplication.php:332
Stack trace:
#0 C:\www\gpor-contrib\9may2011\framework\web\CWebApplication.php(121): CWebApplication->runController('gsdfgg')
#1 C:\www\gpor-contrib\9may2011\framework\base\CApplication.php(155): CWebApplication->processRequest()
#2 C:\www\gpor-contrib\9may2011\index.php(13): CApplication->run()
#3 {main} REQUEST_URI=/gpor-contrib/9may2011/gsdfgg/
2011/04/20 16:00:16 [error] [exception.CHttpException.404] exception 'CHttpException' with message 'Unable to resolve the request "gsdfgg".' in C:\www\gpor-contrib\9may2011\framework\web\CWebApplication.php:332
Stack trace:
#0 C:\www\gpor-contrib\9may2011\framework\web\CWebApplication.php(121): CWebApplication->runController('gsdfgg')
#1 C:\www\gpor-contrib\9may2011\framework\base\CApplication.php(155): CWebApplication->processRequest()
#2 C:\www\gpor-contrib\9may2011\index.php(13): CApplication->run()
#3 {main} REQUEST_URI=/gpor-contrib/9may2011/gsdfgg/
2011/04/20 16:00:19 [error] [exception.CHttpException.404] exception 'CHttpException' with message 'Unable to resolve the request "gsdfgg".' in C:\www\gpor-contrib\9may2011\framework\web\CWebApplication.php:332
Stack trace:
#0 C:\www\gpor-contrib\9may2011\framework\web\CWebApplication.php(121): CWebApplication->runController('gsdfgg')
#1 C:\www\gpor-contrib\9may2011\framework\base\CApplication.php(155): CWebApplication->processRequest()
#2 C:\www\gpor-contrib\9may2011\index.php(13): CApplication->run()
#3 {main} REQUEST_URI=/gpor-contrib/9may2011/gsdfgg/
2011/04/20 16:06:25 [error] [exception.CHttpException.404] exception 'CHttpException' with message 'Unable to resolve the request "gvvghfghsfhfgh".' in C:\www\gpor-contrib\9may2011\framework\web\CWebApplication.php:332
Stack trace:
#0 C:\www\gpor-contrib\9may2011\framework\web\CWebApplication.php(121): CWebApplication->runController('gvvghfghsfhfgh')
#1 C:\www\gpor-contrib\9may2011\framework\base\CApplication.php(155): CWebApplication->processRequest()
#2 C:\www\gpor-contrib\9may2011\index.php(13): CApplication->run()
#3 {main} REQUEST_URI=/gpor-contrib/9may2011/gvvghfghsfhfgh/
2011/04/20 16:06:27 [error] [exception.CHttpException.404] exception 'CHttpException' with message 'Unable to resolve the request "gvvghfghsfhfgh/sfhfg".' in C:\www\gpor-contrib\9may2011\framework\web\CWebApplication.php:332
Stack trace:
#0 C:\www\gpor-contrib\9may2011\framework\web\CWebApplication.php(121): CWebApplication->runController('gvvghfghsfhfgh/...')
#1 C:\www\gpor-contrib\9may2011\framework\base\CApplication.php(155): CWebApplication->processRequest()
#2 C:\www\gpor-contrib\9may2011\index.php(13): CApplication->run()
#3 {main} REQUEST_URI=/gpor-contrib/9may2011/gvvghfghsfhfgh/sfhfg/
2011/04/20 16:06:30 [error] [exception.CHttpException.404] exception 'CHttpException' with message 'Unable to resolve the request "gvvghfghsfhfgh/sfhfg".' in C:\www\gpor-contrib\9may2011\framework\web\CWebApplication.php:332
Stack trace:
#0 C:\www\gpor-contrib\9may2011\framework\web\CWebApplication.php(121): CWebApplication->runController('gvvghfghsfhfgh/...')
#1 C:\www\gpor-contrib\9may2011\framework\base\CApplication.php(155): CWebApplication->processRequest()
#2 C:\www\gpor-contrib\9may2011\index.php(13): CApplication->run()
#3 {main} REQUEST_URI=/gpor-contrib/9may2011/gvvghfghsfhfgh/sfhfg/
2011/04/20 16:06:37 [error] [exception.CHttpException.404] exception 'CHttpException' with message 'Unable to resolve the request "gvvghfghsfhfgh/sfhfg".' in C:\www\gpor-contrib\9may2011\framework\web\CWebApplication.php:332
Stack trace:
#0 C:\www\gpor-contrib\9may2011\framework\web\CWebApplication.php(121): CWebApplication->runController('gvvghfghsfhfgh/...')
#1 C:\www\gpor-contrib\9may2011\framework\base\CApplication.php(155): CWebApplication->processRequest()
#2 C:\www\gpor-contrib\9may2011\index.php(13): CApplication->run()
#3 {main} REQUEST_URI=/gpor-contrib/9may2011/gvvghfghsfhfgh/sfhfg/
2011/04/20 16:06:38 [error] [exception.CHttpException.404] exception 'CHttpException' with message 'Unable to resolve the request "gvvghfghsfhfgh/sfhfg".' in C:\www\gpor-contrib\9may2011\framework\web\CWebApplication.php:332
Stack trace:
#0 C:\www\gpor-contrib\9may2011\framework\web\CWebApplication.php(121): CWebApplication->runController('gvvghfghsfhfgh/...')
#1 C:\www\gpor-contrib\9may2011\framework\base\CApplication.php(155): CWebApplication->processRequest()
#2 C:\www\gpor-contrib\9may2011\index.php(13): CApplication->run()
#3 {main} REQUEST_URI=/gpor-contrib/9may2011/gvvghfghsfhfgh/sfhfg/
2011/04/20 16:06:47 [error] [exception.CHttpException.404] exception 'CHttpException' with message 'Unable to resolve the request "g".' in C:\www\gpor-contrib\9may2011\framework\web\CWebApplication.php:332
Stack trace:
#0 C:\www\gpor-contrib\9may2011\framework\web\CWebApplication.php(121): CWebApplication->runController('g')
#1 C:\www\gpor-contrib\9may2011\framework\base\CApplication.php(155): CWebApplication->processRequest()
#2 C:\www\gpor-contrib\9may2011\index.php(13): CApplication->run()
#3 {main} REQUEST_URI=/gpor-contrib/9may2011/g/
2011/04/20 16:07:57 [error] [exception.CHttpException.404] exception 'CHttpException' with message 'Unable to resolve the request "gsfghg".' in C:\www\gpor-contrib\9may2011\framework\web\CWebApplication.php:332
Stack trace:
#0 C:\www\gpor-contrib\9may2011\framework\web\CWebApplication.php(121): CWebApplication->runController('gsfghg')
#1 C:\www\gpor-contrib\9may2011\framework\base\CApplication.php(155): CWebApplication->processRequest()
#2 C:\www\gpor-contrib\9may2011\index.php(13): CApplication->run()
#3 {main} REQUEST_URI=/gpor-contrib/9may2011/gsfghg/
2011/04/20 16:13:41 [error] [exception.CHttpException.404] exception 'CHttpException' with message 'Unable to resolve the request "favicon.ico".' in C:\www\gpor-contrib\9may2011\framework\web\CWebApplication.php:332
Stack trace:
#0 C:\www\gpor-contrib\9may2011\framework\web\CWebApplication.php(121): CWebApplication->runController('favicon.ico')
#1 C:\www\gpor-contrib\9may2011\framework\base\CApplication.php(155): CWebApplication->processRequest()
#2 C:\www\gpor-contrib\9may2011\index.php(13): CApplication->run()
#3 {main} REQUEST_URI=/favicon.ico/
2011/04/20 16:13:41 [error] [exception.CHttpException.404] exception 'CHttpException' with message 'Unable to resolve the request "favicon.ico".' in C:\www\gpor-contrib\9may2011\framework\web\CWebApplication.php:332
Stack trace:
#0 C:\www\gpor-contrib\9may2011\framework\web\CWebApplication.php(121): CWebApplication->runController('favicon.ico')
#1 C:\www\gpor-contrib\9may2011\framework\base\CApplication.php(155): CWebApplication->processRequest()
#2 C:\www\gpor-contrib\9may2011\index.php(13): CApplication->run()
#3 {main} REQUEST_URI=/favicon.ico/
2011/04/20 16:13:42 [error] [exception.CHttpException.404] exception 'CHttpException' with message 'Unable to resolve the request "favicon.ico".' in C:\www\gpor-contrib\9may2011\framework\web\CWebApplication.php:332
Stack trace:
#0 C:\www\gpor-contrib\9may2011\framework\web\CWebApplication.php(121): CWebApplication->runController('favicon.ico')
#1 C:\www\gpor-contrib\9may2011\framework\base\CApplication.php(155): CWebApplication->processRequest()
#2 C:\www\gpor-contrib\9may2011\index.php(13): CApplication->run()
#3 {main} REQUEST_URI=/favicon.ico/
2011/04/20 16:13:42 [error] [exception.CHttpException.404] exception 'CHttpException' with message 'Unable to resolve the request "favicon.ico".' in C:\www\gpor-contrib\9may2011\framework\web\CWebApplication.php:332
Stack trace:
#0 C:\www\gpor-contrib\9may2011\framework\web\CWebApplication.php(121): CWebApplication->runController('favicon.ico')
#1 C:\www\gpor-contrib\9may2011\framework\base\CApplication.php(155): CWebApplication->processRequest()
#2 C:\www\gpor-contrib\9may2011\index.php(13): CApplication->run()
#3 {main} REQUEST_URI=/favicon.ico/
2011/04/20 16:13:42 [error] [exception.CHttpException.404] exception 'CHttpException' with message 'Unable to resolve the request "favicon.ico".' in C:\www\gpor-contrib\9may2011\framework\web\CWebApplication.php:332
Stack trace:
#0 C:\www\gpor-contrib\9may2011\framework\web\CWebApplication.php(121): CWebApplication->runController('favicon.ico')
#1 C:\www\gpor-contrib\9may2011\framework\base\CApplication.php(155): CWebApplication->processRequest()
#2 C:\www\gpor-contrib\9may2011\index.php(13): CApplication->run()
#3 {main} REQUEST_URI=/favicon.ico/
2011/04/20 16:13:43 [error] [exception.CHttpException.404] exception 'CHttpException' with message 'Unable to resolve the request "favicon.ico".' in C:\www\gpor-contrib\9may2011\framework\web\CWebApplication.php:332
Stack trace:
#0 C:\www\gpor-contrib\9may2011\framework\web\CWebApplication.php(121): CWebApplication->runController('favicon.ico')
#1 C:\www\gpor-contrib\9may2011\framework\base\CApplication.php(155): CWebApplication->processRequest()
#2 C:\www\gpor-contrib\9may2011\index.php(13): CApplication->run()
#3 {main} REQUEST_URI=/favicon.ico/
2011/04/20 16:13:44 [error] [exception.CHttpException.404] exception 'CHttpException' with message 'Unable to resolve the request "favicon.ico".' in C:\www\gpor-contrib\9may2011\framework\web\CWebApplication.php:332
Stack trace:
#0 C:\www\gpor-contrib\9may2011\framework\web\CWebApplication.php(121): CWebApplication->runController('favicon.ico')
#1 C:\www\gpor-contrib\9may2011\framework\base\CApplication.php(155): CWebApplication->processRequest()
#2 C:\www\gpor-contrib\9may2011\index.php(13): CApplication->run()
#3 {main} REQUEST_URI=/favicon.ico/
2011/04/20 16:13:44 [error] [exception.CHttpException.404] exception 'CHttpException' with message 'Unable to resolve the request "favicon.ico".' in C:\www\gpor-contrib\9may2011\framework\web\CWebApplication.php:332
Stack trace:
#0 C:\www\gpor-contrib\9may2011\framework\web\CWebApplication.php(121): CWebApplication->runController('favicon.ico')
#1 C:\www\gpor-contrib\9may2011\framework\base\CApplication.php(155): CWebApplication->processRequest()
#2 C:\www\gpor-contrib\9may2011\index.php(13): CApplication->run()
#3 {main} REQUEST_URI=/favicon.ico/
2011/04/20 16:13:44 [error] [exception.CHttpException.404] exception 'CHttpException' with message 'Unable to resolve the request "favicon.ico".' in C:\www\gpor-contrib\9may2011\framework\web\CWebApplication.php:332
Stack trace:
#0 C:\www\gpor-contrib\9may2011\framework\web\CWebApplication.php(121): CWebApplication->runController('favicon.ico')
#1 C:\www\gpor-contrib\9may2011\framework\base\CApplication.php(155): CWebApplication->processRequest()
#2 C:\www\gpor-contrib\9may2011\index.php(13): CApplication->run()
#3 {main} REQUEST_URI=/favicon.ico/
2011/04/20 16:13:44 [error] [exception.CHttpException.404] exception 'CHttpException' with message 'Unable to resolve the request "favicon.ico".' in C:\www\gpor-contrib\9may2011\framework\web\CWebApplication.php:332
Stack trace:
#0 C:\www\gpor-contrib\9may2011\framework\web\CWebApplication.php(121): CWebApplication->runController('favicon.ico')
#1 C:\www\gpor-contrib\9may2011\framework\base\CApplication.php(155): CWebApplication->processRequest()
#2 C:\www\gpor-contrib\9may2011\index.php(13): CApplication->run()
#3 {main} REQUEST_URI=/favicon.ico/
2011/04/20 16:13:48 [error] [exception.CHttpException.404] exception 'CHttpException' with message 'Unable to resolve the request "dfgf".' in C:\www\gpor-contrib\9may2011\framework\web\CWebApplication.php:332
Stack trace:
#0 C:\www\gpor-contrib\9may2011\framework\web\CWebApplication.php(121): CWebApplication->runController('dfgf')
#1 C:\www\gpor-contrib\9may2011\framework\base\CApplication.php(155): CWebApplication->processRequest()
#2 C:\www\gpor-contrib\9may2011\index.php(13): CApplication->run()
#3 {main} REQUEST_URI=/dfgf/
2011/04/20 16:13:48 [error] [exception.CHttpException.404] exception 'CHttpException' with message 'Unable to resolve the request "favicon.ico".' in C:\www\gpor-contrib\9may2011\framework\web\CWebApplication.php:332
Stack trace:
#0 C:\www\gpor-contrib\9may2011\framework\web\CWebApplication.php(121): CWebApplication->runController('favicon.ico')
#1 C:\www\gpor-contrib\9may2011\framework\base\CApplication.php(155): CWebApplication->processRequest()
#2 C:\www\gpor-contrib\9may2011\index.php(13): CApplication->run()
#3 {main} REQUEST_URI=/favicon.ico/
2011/04/20 16:26:51 [error] [exception.CHttpException.404] exception 'CHttpException' with message 'Unable to resolve the request "dfgf".' in C:\www\gpor-contrib\9may2011\framework\web\CWebApplication.php:332
Stack trace:
#0 C:\www\gpor-contrib\9may2011\framework\web\CWebApplication.php(121): CWebApplication->runController('dfgf')
#1 C:\www\gpor-contrib\9may2011\framework\base\CApplication.php(155): CWebApplication->processRequest()
#2 C:\www\gpor-contrib\9may2011\index.php(13): CApplication->run()
#3 {main} REQUEST_URI=/dfgf/
2011/04/20 16:26:51 [error] [exception.CHttpException.404] exception 'CHttpException' with message 'Unable to resolve the request "favicon.ico".' in C:\www\gpor-contrib\9may2011\framework\web\CWebApplication.php:332
Stack trace:
#0 C:\www\gpor-contrib\9may2011\framework\web\CWebApplication.php(121): CWebApplication->runController('favicon.ico')
#1 C:\www\gpor-contrib\9may2011\framework\base\CApplication.php(155): CWebApplication->processRequest()
#2 C:\www\gpor-contrib\9may2011\index.php(13): CApplication->run()
#3 {main} REQUEST_URI=/favicon.ico/
2011/04/20 16:26:53 [error] [exception.CHttpException.404] exception 'CHttpException' with message 'Unable to resolve the request "favicon.ico".' in C:\www\gpor-contrib\9may2011\framework\web\CWebApplication.php:332
Stack trace:
#0 C:\www\gpor-contrib\9may2011\framework\web\CWebApplication.php(121): CWebApplication->runController('favicon.ico')
#1 C:\www\gpor-contrib\9may2011\framework\base\CApplication.php(155): CWebApplication->processRequest()
#2 C:\www\gpor-contrib\9may2011\index.php(13): CApplication->run()
#3 {main} REQUEST_URI=/favicon.ico/
2011/04/20 16:26:59 [error] [exception.CHttpException.404] exception 'CHttpException' with message 'Unable to resolve the request "favicon.ico".' in C:\www\gpor-contrib\9may2011\framework\web\CWebApplication.php:332
Stack trace:
#0 C:\www\gpor-contrib\9may2011\framework\web\CWebApplication.php(121): CWebApplication->runController('favicon.ico')
#1 C:\www\gpor-contrib\9may2011\framework\base\CApplication.php(155): CWebApplication->processRequest()
#2 C:\www\gpor-contrib\9may2011\index.php(13): CApplication->run()
#3 {main} REQUEST_URI=/favicon.ico/
2011/04/20 16:27:01 [error] [exception.CHttpException.404] exception 'CHttpException' with message 'Unable to resolve the request "fghg".' in C:\www\gpor-contrib\9may2011\framework\web\CWebApplication.php:332
Stack trace:
#0 C:\www\gpor-contrib\9may2011\framework\web\CWebApplication.php(121): CWebApplication->runController('fghg')
#1 C:\www\gpor-contrib\9may2011\framework\base\CApplication.php(155): CWebApplication->processRequest()
#2 C:\www\gpor-contrib\9may2011\index.php(13): CApplication->run()
#3 {main} REQUEST_URI=/fghg/
2011/04/20 16:27:01 [error] [exception.CHttpException.404] exception 'CHttpException' with message 'Unable to resolve the request "favicon.ico".' in C:\www\gpor-contrib\9may2011\framework\web\CWebApplication.php:332
Stack trace:
#0 C:\www\gpor-contrib\9may2011\framework\web\CWebApplication.php(121): CWebApplication->runController('favicon.ico')
#1 C:\www\gpor-contrib\9may2011\framework\base\CApplication.php(155): CWebApplication->processRequest()
#2 C:\www\gpor-contrib\9may2011\index.php(13): CApplication->run()
#3 {main} REQUEST_URI=/favicon.ico/
2011/04/20 16:27:04 [error] [exception.CHttpException.404] exception 'CHttpException' with message 'Unable to resolve the request "fghgsfhsfg".' in C:\www\gpor-contrib\9may2011\framework\web\CWebApplication.php:332
Stack trace:
#0 C:\www\gpor-contrib\9may2011\framework\web\CWebApplication.php(121): CWebApplication->runController('fghgsfhsfg')
#1 C:\www\gpor-contrib\9may2011\framework\base\CApplication.php(155): CWebApplication->processRequest()
#2 C:\www\gpor-contrib\9may2011\index.php(13): CApplication->run()
#3 {main} REQUEST_URI=/fghgsfhsfg/
2011/04/20 16:27:05 [error] [exception.CHttpException.404] exception 'CHttpException' with message 'Unable to resolve the request "favicon.ico".' in C:\www\gpor-contrib\9may2011\framework\web\CWebApplication.php:332
Stack trace:
#0 C:\www\gpor-contrib\9may2011\framework\web\CWebApplication.php(121): CWebApplication->runController('favicon.ico')
#1 C:\www\gpor-contrib\9may2011\framework\base\CApplication.php(155): CWebApplication->processRequest()
#2 C:\www\gpor-contrib\9may2011\index.php(13): CApplication->run()
#3 {main} REQUEST_URI=/favicon.ico/
2011/04/20 16:27:18 [error] [exception.CHttpException.404] exception 'CHttpException' with message 'Unable to resolve the request "fghgsfhsfgj".' in C:\www\gpor-contrib\9may2011\framework\web\CWebApplication.php:332
Stack trace:
#0 C:\www\gpor-contrib\9may2011\framework\web\CWebApplication.php(121): CWebApplication->runController('fghgsfhsfgj')
#1 C:\www\gpor-contrib\9may2011\framework\base\CApplication.php(155): CWebApplication->processRequest()
#2 C:\www\gpor-contrib\9may2011\index.php(13): CApplication->run()
#3 {main} REQUEST_URI=/fghgsfhsfgj/
2011/04/20 16:27:19 [error] [exception.CHttpException.404] exception 'CHttpException' with message 'Unable to resolve the request "favicon.ico".' in C:\www\gpor-contrib\9may2011\framework\web\CWebApplication.php:332
Stack trace:
#0 C:\www\gpor-contrib\9may2011\framework\web\CWebApplication.php(121): CWebApplication->runController('favicon.ico')
#1 C:\www\gpor-contrib\9may2011\framework\base\CApplication.php(155): CWebApplication->processRequest()
#2 C:\www\gpor-contrib\9may2011\index.php(13): CApplication->run()
#3 {main} REQUEST_URI=/favicon.ico/
2011/04/20 16:27:23 [error] [exception.CHttpException.404] exception 'CHttpException' with message 'Unable to resolve the request "favicon.ico".' in C:\www\gpor-contrib\9may2011\framework\web\CWebApplication.php:332
Stack trace:
#0 C:\www\gpor-contrib\9may2011\framework\web\CWebApplication.php(121): CWebApplication->runController('favicon.ico')
#1 C:\www\gpor-contrib\9may2011\framework\base\CApplication.php(155): CWebApplication->processRequest()
#2 C:\www\gpor-contrib\9may2011\index.php(13): CApplication->run()
#3 {main} REQUEST_URI=/favicon.ico/
2011/04/20 16:27:27 [error] [exception.CHttpException.404] exception 'CHttpException' with message 'Unable to resolve the request "favicon.ico".' in C:\www\gpor-contrib\9may2011\framework\web\CWebApplication.php:332
Stack trace:
#0 C:\www\gpor-contrib\9may2011\framework\web\CWebApplication.php(121): CWebApplication->runController('favicon.ico')
#1 C:\www\gpor-contrib\9may2011\framework\base\CApplication.php(155): CWebApplication->processRequest()
#2 C:\www\gpor-contrib\9may2011\index.php(13): CApplication->run()
#3 {main} REQUEST_URI=/favicon.ico/
2011/04/20 16:27:29 [error] [exception.CHttpException.404] exception 'CHttpException' with message 'Unable to resolve the request "fghgsfghsfg".' in C:\www\gpor-contrib\9may2011\framework\web\CWebApplication.php:332
Stack trace:
#0 C:\www\gpor-contrib\9may2011\framework\web\CWebApplication.php(121): CWebApplication->runController('fghgsfghsfg')
#1 C:\www\gpor-contrib\9may2011\framework\base\CApplication.php(155): CWebApplication->processRequest()
#2 C:\www\gpor-contrib\9may2011\index.php(13): CApplication->run()
#3 {main} REQUEST_URI=/fghgsfghsfg/
2011/04/20 16:27:29 [error] [exception.CHttpException.404] exception 'CHttpException' with message 'Unable to resolve the request "favicon.ico".' in C:\www\gpor-contrib\9may2011\framework\web\CWebApplication.php:332
Stack trace:
#0 C:\www\gpor-contrib\9may2011\framework\web\CWebApplication.php(121): CWebApplication->runController('favicon.ico')
#1 C:\www\gpor-contrib\9may2011\framework\base\CApplication.php(155): CWebApplication->processRequest()
#2 C:\www\gpor-contrib\9may2011\index.php(13): CApplication->run()
#3 {main} REQUEST_URI=/favicon.ico/
2011/04/20 16:27:44 [error] [exception.CException] exception 'CException' with message 'Property "CUrlManager.<controller:\w+>/<action:\w+>" is not defined.' in C:\www\gpor-contrib\9may2011\framework\base\CComponent.php:173
Stack trace:
#0 C:\www\gpor-contrib\9may2011\framework\YiiBase.php(215): CComponent->__set('<controller:\w+...', 'site/<action>')
#1 C:\www\gpor-contrib\9may2011\framework\base\CModule.php(371): YiiBase::createComponent(Array)
#2 C:\www\gpor-contrib\9may2011\framework\base\CApplication.php(498): CModule->getComponent('urlManager')
#3 C:\www\gpor-contrib\9may2011\framework\web\CWebApplication.php(120): CApplication->getUrlManager()
#4 C:\www\gpor-contrib\9may2011\framework\base\CApplication.php(155): CWebApplication->processRequest()
#5 C:\www\gpor-contrib\9may2011\index.php(13): CApplication->run()
#6 {main} REQUEST_URI=/fghgsfghsfg/
2011/04/20 16:27:44 [error] [exception.CException] exception 'CException' with message 'Property "CUrlManager.<controller:\w+>/<action:\w+>" is not defined.' in C:\www\gpor-contrib\9may2011\framework\base\CComponent.php:173
Stack trace:
#0 C:\www\gpor-contrib\9may2011\framework\YiiBase.php(215): CComponent->__set('<controller:\w+...', 'site/<action>')
#1 C:\www\gpor-contrib\9may2011\framework\base\CModule.php(371): YiiBase::createComponent(Array)
#2 C:\www\gpor-contrib\9may2011\framework\base\CApplication.php(498): CModule->getComponent('urlManager')
#3 C:\www\gpor-contrib\9may2011\framework\web\CWebApplication.php(120): CApplication->getUrlManager()
#4 C:\www\gpor-contrib\9may2011\framework\base\CApplication.php(155): CWebApplication->processRequest()
#5 C:\www\gpor-contrib\9may2011\index.php(13): CApplication->run()
#6 {main} REQUEST_URI=/favicon.ico/
2011/04/20 16:27:52 [error] [exception.CHttpException.404] exception 'CHttpException' with message 'Unable to resolve the request "fghgsfghsfg".' in C:\www\gpor-contrib\9may2011\framework\web\CWebApplication.php:332
Stack trace:
#0 C:\www\gpor-contrib\9may2011\framework\web\CWebApplication.php(121): CWebApplication->runController('fghgsfghsfg')
#1 C:\www\gpor-contrib\9may2011\framework\base\CApplication.php(155): CWebApplication->processRequest()
#2 C:\www\gpor-contrib\9may2011\index.php(13): CApplication->run()
#3 {main} REQUEST_URI=/fghgsfghsfg/
2011/04/20 16:27:52 [error] [exception.CHttpException.404] exception 'CHttpException' with message 'Unable to resolve the request "favicon.ico".' in C:\www\gpor-contrib\9may2011\framework\web\CWebApplication.php:332
Stack trace:
#0 C:\www\gpor-contrib\9may2011\framework\web\CWebApplication.php(121): CWebApplication->runController('favicon.ico')
#1 C:\www\gpor-contrib\9may2011\framework\base\CApplication.php(155): CWebApplication->processRequest()
#2 C:\www\gpor-contrib\9may2011\index.php(13): CApplication->run()
#3 {main} REQUEST_URI=/favicon.ico/
2011/04/20 16:27:54 [error] [exception.CHttpException.404] exception 'CHttpException' with message 'Unable to resolve the request "fghgsfghsfg".' in C:\www\gpor-contrib\9may2011\framework\web\CWebApplication.php:332
Stack trace:
#0 C:\www\gpor-contrib\9may2011\framework\web\CWebApplication.php(121): CWebApplication->runController('fghgsfghsfg')
#1 C:\www\gpor-contrib\9may2011\framework\base\CApplication.php(155): CWebApplication->processRequest()
#2 C:\www\gpor-contrib\9may2011\index.php(13): CApplication->run()
#3 {main} REQUEST_URI=/fghgsfghsfg/
2011/04/20 16:27:54 [error] [exception.CHttpException.404] exception 'CHttpException' with message 'Unable to resolve the request "favicon.ico".' in C:\www\gpor-contrib\9may2011\framework\web\CWebApplication.php:332
Stack trace:
#0 C:\www\gpor-contrib\9may2011\framework\web\CWebApplication.php(121): CWebApplication->runController('favicon.ico')
#1 C:\www\gpor-contrib\9may2011\framework\base\CApplication.php(155): CWebApplication->processRequest()
#2 C:\www\gpor-contrib\9may2011\index.php(13): CApplication->run()
#3 {main} REQUEST_URI=/favicon.ico/
2011/04/20 16:27:54 [error] [exception.CHttpException.404] exception 'CHttpException' with message 'Unable to resolve the request "fghgsfghsfg".' in C:\www\gpor-contrib\9may2011\framework\web\CWebApplication.php:332
Stack trace:
#0 C:\www\gpor-contrib\9may2011\framework\web\CWebApplication.php(121): CWebApplication->runController('fghgsfghsfg')
#1 C:\www\gpor-contrib\9may2011\framework\base\CApplication.php(155): CWebApplication->processRequest()
#2 C:\www\gpor-contrib\9may2011\index.php(13): CApplication->run()
#3 {main} REQUEST_URI=/fghgsfghsfg/
2011/04/20 16:27:54 [error] [exception.CHttpException.404] exception 'CHttpException' with message 'Unable to resolve the request "favicon.ico".' in C:\www\gpor-contrib\9may2011\framework\web\CWebApplication.php:332
Stack trace:
#0 C:\www\gpor-contrib\9may2011\framework\web\CWebApplication.php(121): CWebApplication->runController('favicon.ico')
#1 C:\www\gpor-contrib\9may2011\framework\base\CApplication.php(155): CWebApplication->processRequest()
#2 C:\www\gpor-contrib\9may2011\index.php(13): CApplication->run()
#3 {main} REQUEST_URI=/favicon.ico/
2011/04/20 16:27:55 [error] [exception.CHttpException.404] exception 'CHttpException' with message 'Unable to resolve the request "fghgsfghsfg".' in C:\www\gpor-contrib\9may2011\framework\web\CWebApplication.php:332
Stack trace:
#0 C:\www\gpor-contrib\9may2011\framework\web\CWebApplication.php(121): CWebApplication->runController('fghgsfghsfg')
#1 C:\www\gpor-contrib\9may2011\framework\base\CApplication.php(155): CWebApplication->processRequest()
#2 C:\www\gpor-contrib\9may2011\index.php(13): CApplication->run()
#3 {main} REQUEST_URI=/fghgsfghsfg/
2011/04/20 16:27:55 [error] [exception.CHttpException.404] exception 'CHttpException' with message 'Unable to resolve the request "favicon.ico".' in C:\www\gpor-contrib\9may2011\framework\web\CWebApplication.php:332
Stack trace:
#0 C:\www\gpor-contrib\9may2011\framework\web\CWebApplication.php(121): CWebApplication->runController('favicon.ico')
#1 C:\www\gpor-contrib\9may2011\framework\base\CApplication.php(155): CWebApplication->processRequest()
#2 C:\www\gpor-contrib\9may2011\index.php(13): CApplication->run()
#3 {main} REQUEST_URI=/favicon.ico/
2011/04/20 16:27:55 [error] [exception.CHttpException.404] exception 'CHttpException' with message 'Unable to resolve the request "fghgsfghsfg".' in C:\www\gpor-contrib\9may2011\framework\web\CWebApplication.php:332
Stack trace:
#0 C:\www\gpor-contrib\9may2011\framework\web\CWebApplication.php(121): CWebApplication->runController('fghgsfghsfg')
#1 C:\www\gpor-contrib\9may2011\framework\base\CApplication.php(155): CWebApplication->processRequest()
#2 C:\www\gpor-contrib\9may2011\index.php(13): CApplication->run()
#3 {main} REQUEST_URI=/fghgsfghsfg/
2011/04/20 16:27:55 [error] [exception.CHttpException.404] exception 'CHttpException' with message 'Unable to resolve the request "favicon.ico".' in C:\www\gpor-contrib\9may2011\framework\web\CWebApplication.php:332
Stack trace:
#0 C:\www\gpor-contrib\9may2011\framework\web\CWebApplication.php(121): CWebApplication->runController('favicon.ico')
#1 C:\www\gpor-contrib\9may2011\framework\base\CApplication.php(155): CWebApplication->processRequest()
#2 C:\www\gpor-contrib\9may2011\index.php(13): CApplication->run()
#3 {main} REQUEST_URI=/favicon.ico/
2011/04/20 16:28:02 [error] [exception.CHttpException.404] exception 'CHttpException' with message 'The system is unable to find the requested action "fghgsfghsfg".' in C:\www\gpor-contrib\9may2011\framework\web\CController.php:477
Stack trace:
#0 C:\www\gpor-contrib\9may2011\framework\web\CController.php(262): CController->missingAction('fghgsfghsfg')
#1 C:\www\gpor-contrib\9may2011\framework\web\CWebApplication.php(328): CController->run('fghgsfghsfg')
#2 C:\www\gpor-contrib\9may2011\framework\web\CWebApplication.php(121): CWebApplication->runController('site/fghgsfghsf...')
#3 C:\www\gpor-contrib\9may2011\framework\base\CApplication.php(155): CWebApplication->processRequest()
#4 C:\www\gpor-contrib\9may2011\index.php(13): CApplication->run()
#5 {main} REQUEST_URI=/fghgsfghsfg/
2011/04/20 16:28:02 [error] [exception.CHttpException.404] exception 'CHttpException' with message 'Unable to resolve the request "favicon.ico".' in C:\www\gpor-contrib\9may2011\framework\web\CWebApplication.php:332
Stack trace:
#0 C:\www\gpor-contrib\9may2011\framework\web\CWebApplication.php(121): CWebApplication->runController('favicon.ico')
#1 C:\www\gpor-contrib\9may2011\framework\base\CApplication.php(155): CWebApplication->processRequest()
#2 C:\www\gpor-contrib\9may2011\index.php(13): CApplication->run()
#3 {main} REQUEST_URI=/favicon.ico/
2011/04/20 16:28:07 [error] [exception.CHttpException.404] exception 'CHttpException' with message 'Unable to resolve the request "favicon.ico".' in C:\www\gpor-contrib\9may2011\framework\web\CWebApplication.php:332
Stack trace:
#0 C:\www\gpor-contrib\9may2011\framework\web\CWebApplication.php(121): CWebApplication->runController('favicon.ico')
#1 C:\www\gpor-contrib\9may2011\framework\base\CApplication.php(155): CWebApplication->processRequest()
#2 C:\www\gpor-contrib\9may2011\index.php(13): CApplication->run()
#3 {main} REQUEST_URI=/favicon.ico/
2011/04/20 16:28:09 [error] [exception.CHttpException.404] exception 'CHttpException' with message 'Unable to resolve the request "favicon.ico".' in C:\www\gpor-contrib\9may2011\framework\web\CWebApplication.php:332
Stack trace:
#0 C:\www\gpor-contrib\9may2011\framework\web\CWebApplication.php(121): CWebApplication->runController('favicon.ico')
#1 C:\www\gpor-contrib\9may2011\framework\base\CApplication.php(155): CWebApplication->processRequest()
#2 C:\www\gpor-contrib\9may2011\index.php(13): CApplication->run()
#3 {main} REQUEST_URI=/favicon.ico/
2011/04/20 16:28:19 [error] [exception.CHttpException.404] exception 'CHttpException' with message 'Unable to resolve the request "favicon.ico".' in C:\www\gpor-contrib\9may2011\framework\web\CWebApplication.php:332
Stack trace:
#0 C:\www\gpor-contrib\9may2011\framework\web\CWebApplication.php(121): CWebApplication->runController('favicon.ico')
#1 C:\www\gpor-contrib\9may2011\framework\base\CApplication.php(155): CWebApplication->processRequest()
#2 C:\www\gpor-contrib\9may2011\index.php(13): CApplication->run()
#3 {main} REQUEST_URI=/favicon.ico/
2011/04/20 16:28:22 [error] [exception.CHttpException.404] exception 'CHttpException' with message 'Unable to resolve the request "favicon.ico".' in C:\www\gpor-contrib\9may2011\framework\web\CWebApplication.php:332
Stack trace:
#0 C:\www\gpor-contrib\9may2011\framework\web\CWebApplication.php(121): CWebApplication->runController('favicon.ico')
#1 C:\www\gpor-contrib\9may2011\framework\base\CApplication.php(155): CWebApplication->processRequest()
#2 C:\www\gpor-contrib\9may2011\index.php(13): CApplication->run()
#3 {main} REQUEST_URI=/favicon.ico/
2011/04/20 16:28:26 [error] [exception.CHttpException.404] exception 'CHttpException' with message 'Unable to resolve the request "favicon.ico".' in C:\www\gpor-contrib\9may2011\framework\web\CWebApplication.php:332
Stack trace:
#0 C:\www\gpor-contrib\9may2011\framework\web\CWebApplication.php(121): CWebApplication->runController('favicon.ico')
#1 C:\www\gpor-contrib\9may2011\framework\base\CApplication.php(155): CWebApplication->processRequest()
#2 C:\www\gpor-contrib\9may2011\index.php(13): CApplication->run()
#3 {main} REQUEST_URI=/favicon.ico/
2011/04/20 16:28:32 [error] [exception.CHttpException.404] exception 'CHttpException' with message 'Unable to resolve the request "favicon.ico".' in C:\www\gpor-contrib\9may2011\framework\web\CWebApplication.php:332
Stack trace:
#0 C:\www\gpor-contrib\9may2011\framework\web\CWebApplication.php(121): CWebApplication->runController('favicon.ico')
#1 C:\www\gpor-contrib\9may2011\framework\base\CApplication.php(155): CWebApplication->processRequest()
#2 C:\www\gpor-contrib\9may2011\index.php(13): CApplication->run()
#3 {main} REQUEST_URI=/favicon.ico/
2011/04/20 16:28:33 [error] [exception.CHttpException.404] exception 'CHttpException' with message 'Unable to resolve the request "favicon.ico".' in C:\www\gpor-contrib\9may2011\framework\web\CWebApplication.php:332
Stack trace:
#0 C:\www\gpor-contrib\9may2011\framework\web\CWebApplication.php(121): CWebApplication->runController('favicon.ico')
#1 C:\www\gpor-contrib\9may2011\framework\base\CApplication.php(155): CWebApplication->processRequest()
#2 C:\www\gpor-contrib\9may2011\index.php(13): CApplication->run()
#3 {main} REQUEST_URI=/favicon.ico/
2011/04/20 16:28:34 [error] [exception.CHttpException.404] exception 'CHttpException' with message 'The system is unable to find the requested action "er6ror".' in C:\www\gpor-contrib\9may2011\framework\web\CController.php:477
Stack trace:
#0 C:\www\gpor-contrib\9may2011\framework\web\CController.php(262): CController->missingAction('er6ror')
#1 C:\www\gpor-contrib\9may2011\framework\web\CWebApplication.php(328): CController->run('er6ror')
#2 C:\www\gpor-contrib\9may2011\framework\web\CWebApplication.php(121): CWebApplication->runController('site/er6ror')
#3 C:\www\gpor-contrib\9may2011\framework\base\CApplication.php(155): CWebApplication->processRequest()
#4 C:\www\gpor-contrib\9may2011\index.php(13): CApplication->run()
#5 {main} REQUEST_URI=/er6ror/
2011/04/20 16:28:34 [error] [exception.CHttpException.404] exception 'CHttpException' with message 'Unable to resolve the request "favicon.ico".' in C:\www\gpor-contrib\9may2011\framework\web\CWebApplication.php:332
Stack trace:
#0 C:\www\gpor-contrib\9may2011\framework\web\CWebApplication.php(121): CWebApplication->runController('favicon.ico')
#1 C:\www\gpor-contrib\9may2011\framework\base\CApplication.php(155): CWebApplication->processRequest()
#2 C:\www\gpor-contrib\9may2011\index.php(13): CApplication->run()
#3 {main} REQUEST_URI=/favicon.ico/
2011/04/20 16:28:36 [error] [exception.CHttpException.404] exception 'CHttpException' with message 'Unable to resolve the request "favicon.ico".' in C:\www\gpor-contrib\9may2011\framework\web\CWebApplication.php:332
Stack trace:
#0 C:\www\gpor-contrib\9may2011\framework\web\CWebApplication.php(121): CWebApplication->runController('favicon.ico')
#1 C:\www\gpor-contrib\9may2011\framework\base\CApplication.php(155): CWebApplication->processRequest()
#2 C:\www\gpor-contrib\9may2011\index.php(13): CApplication->run()
#3 {main} REQUEST_URI=/favicon.ico/
2011/04/20 16:28:39 [error] [exception.CHttpException.404] exception 'CHttpException' with message 'Unable to resolve the request "favicon.ico".' in C:\www\gpor-contrib\9may2011\framework\web\CWebApplication.php:332
Stack trace:
#0 C:\www\gpor-contrib\9may2011\framework\web\CWebApplication.php(121): CWebApplication->runController('favicon.ico')
#1 C:\www\gpor-contrib\9may2011\framework\base\CApplication.php(155): CWebApplication->processRequest()
#2 C:\www\gpor-contrib\9may2011\index.php(13): CApplication->run()
#3 {main} REQUEST_URI=/favicon.ico/
2011/04/20 16:29:10 [error] [exception.CHttpException.404] exception 'CHttpException' with message 'Unable to resolve the request "favicon.ico".' in C:\www\gpor-contrib\9may2011\framework\web\CWebApplication.php:332
Stack trace:
#0 C:\www\gpor-contrib\9may2011\framework\web\CWebApplication.php(121): CWebApplication->runController('favicon.ico')
#1 C:\www\gpor-contrib\9may2011\framework\base\CApplication.php(155): CWebApplication->processRequest()
#2 C:\www\gpor-contrib\9may2011\index.php(13): CApplication->run()
#3 {main} REQUEST_URI=/favicon.ico/
2011/04/20 16:29:10 [error] [exception.CHttpException.404] exception 'CHttpException' with message 'Unable to resolve the request "favicon.ico".' in C:\www\gpor-contrib\9may2011\framework\web\CWebApplication.php:332
Stack trace:
#0 C:\www\gpor-contrib\9may2011\framework\web\CWebApplication.php(121): CWebApplication->runController('favicon.ico')
#1 C:\www\gpor-contrib\9may2011\framework\base\CApplication.php(155): CWebApplication->processRequest()
#2 C:\www\gpor-contrib\9may2011\index.php(13): CApplication->run()
#3 {main} REQUEST_URI=/favicon.ico/
2011/04/20 16:29:11 [error] [exception.CHttpException.404] exception 'CHttpException' with message 'Unable to resolve the request "favicon.ico".' in C:\www\gpor-contrib\9may2011\framework\web\CWebApplication.php:332
Stack trace:
#0 C:\www\gpor-contrib\9may2011\framework\web\CWebApplication.php(121): CWebApplication->runController('favicon.ico')
#1 C:\www\gpor-contrib\9may2011\framework\base\CApplication.php(155): CWebApplication->processRequest()
#2 C:\www\gpor-contrib\9may2011\index.php(13): CApplication->run()
#3 {main} REQUEST_URI=/favicon.ico/
2011/04/20 16:29:23 [error] [exception.CHttpException.404] exception 'CHttpException' with message 'Unable to resolve the request "favicon.ico".' in C:\www\gpor-contrib\9may2011\framework\web\CWebApplication.php:332
Stack trace:
#0 C:\www\gpor-contrib\9may2011\framework\web\CWebApplication.php(121): CWebApplication->runController('favicon.ico')
#1 C:\www\gpor-contrib\9may2011\framework\base\CApplication.php(155): CWebApplication->processRequest()
#2 C:\www\gpor-contrib\9may2011\index.php(13): CApplication->run()
#3 {main} REQUEST_URI=/favicon.ico/
2011/04/20 16:29:24 [error] [exception.CHttpException.404] exception 'CHttpException' with message 'Unable to resolve the request "favicon.ico".' in C:\www\gpor-contrib\9may2011\framework\web\CWebApplication.php:332
Stack trace:
#0 C:\www\gpor-contrib\9may2011\framework\web\CWebApplication.php(121): CWebApplication->runController('favicon.ico')
#1 C:\www\gpor-contrib\9may2011\framework\base\CApplication.php(155): CWebApplication->processRequest()
#2 C:\www\gpor-contrib\9may2011\index.php(13): CApplication->run()
#3 {main} REQUEST_URI=/favicon.ico/
2011/04/20 16:29:28 [error] [exception.CHttpException.404] exception 'CHttpException' with message 'Unable to resolve the request "favicon.ico".' in C:\www\gpor-contrib\9may2011\framework\web\CWebApplication.php:332
Stack trace:
#0 C:\www\gpor-contrib\9may2011\framework\web\CWebApplication.php(121): CWebApplication->runController('favicon.ico')
#1 C:\www\gpor-contrib\9may2011\framework\base\CApplication.php(155): CWebApplication->processRequest()
#2 C:\www\gpor-contrib\9may2011\index.php(13): CApplication->run()
#3 {main} REQUEST_URI=/favicon.ico/
2011/04/20 17:01:20 [error] [exception.CHttpException.404] exception 'CHttpException' with message 'Unable to resolve the request "favicon.ico".' in C:\www\gpor-contrib\9may2011\framework\web\CWebApplication.php:332
Stack trace:
#0 C:\www\gpor-contrib\9may2011\framework\web\CWebApplication.php(121): CWebApplication->runController('favicon.ico')
#1 C:\www\gpor-contrib\9may2011\framework\base\CApplication.php(155): CWebApplication->processRequest()
#2 C:\www\gpor-contrib\9may2011\index.php(13): CApplication->run()
#3 {main} REQUEST_URI=/favicon.ico/
2011/04/20 17:51:00 [error] [exception.CException] exception 'CException' with message 'WebUser does not have a method named "isGuest".' in C:\www\gpor-contrib\9may2011\framework\base\CComponent.php:266
Stack trace:
#0 [internal function]: CComponent->__call('isGuest', Array)
#1 C:\www\gpor-contrib\9may2011\protected\controllers\SiteController.php(7): WebUser->isGuest()
#2 C:\www\gpor-contrib\9may2011\framework\web\CWebApplication.php(327): SiteController->init()
#3 C:\www\gpor-contrib\9may2011\framework\web\CWebApplication.php(121): CWebApplication->runController('')
#4 C:\www\gpor-contrib\9may2011\framework\base\CApplication.php(155): CWebApplication->processRequest()
#5 C:\www\gpor-contrib\9may2011\index.php(13): CApplication->run()
#6 {main} REQUEST_URI=/
2011/04/20 17:51:00 [error] [exception.CHttpException.404] exception 'CHttpException' with message 'Unable to resolve the request "favicon.ico".' in C:\www\gpor-contrib\9may2011\framework\web\CWebApplication.php:332
Stack trace:
#0 C:\www\gpor-contrib\9may2011\framework\web\CWebApplication.php(121): CWebApplication->runController('favicon.ico')
#1 C:\www\gpor-contrib\9may2011\framework\base\CApplication.php(155): CWebApplication->processRequest()
#2 C:\www\gpor-contrib\9may2011\index.php(13): CApplication->run()
#3 {main} REQUEST_URI=/favicon.ico/
2011/04/20 17:51:20 [error] [exception.CException] exception 'CException' with message 'WebUser does not have a method named "isGuest".' in C:\www\gpor-contrib\9may2011\framework\base\CComponent.php:266
Stack trace:
#0 [internal function]: CComponent->__call('isGuest', Array)
#1 C:\www\gpor-contrib\9may2011\protected\controllers\SiteController.php(7): WebUser->isGuest()
#2 C:\www\gpor-contrib\9may2011\framework\web\CWebApplication.php(327): SiteController->init()
#3 C:\www\gpor-contrib\9may2011\framework\web\CWebApplication.php(121): CWebApplication->runController('')
#4 C:\www\gpor-contrib\9may2011\framework\base\CApplication.php(155): CWebApplication->processRequest()
#5 C:\www\gpor-contrib\9may2011\index.php(13): CApplication->run()
#6 {main} REQUEST_URI=/
2011/04/20 17:51:21 [error] [exception.CHttpException.404] exception 'CHttpException' with message 'Unable to resolve the request "favicon.ico".' in C:\www\gpor-contrib\9may2011\framework\web\CWebApplication.php:332
Stack trace:
#0 C:\www\gpor-contrib\9may2011\framework\web\CWebApplication.php(121): CWebApplication->runController('favicon.ico')
#1 C:\www\gpor-contrib\9may2011\framework\base\CApplication.php(155): CWebApplication->processRequest()
#2 C:\www\gpor-contrib\9may2011\index.php(13): CApplication->run()
#3 {main} REQUEST_URI=/favicon.ico/
2011/04/20 17:51:21 [error] [exception.CException] exception 'CException' with message 'WebUser does not have a method named "isGuest".' in C:\www\gpor-contrib\9may2011\framework\base\CComponent.php:266
Stack trace:
#0 [internal function]: CComponent->__call('isGuest', Array)
#1 C:\www\gpor-contrib\9may2011\protected\controllers\SiteController.php(19): WebUser->isGuest()
#2 C:\www\gpor-contrib\9may2011\framework\web\actions\CInlineAction.php(50): SiteController->actionIndex()
#3 C:\www\gpor-contrib\9may2011\framework\web\CController.php(300): CInlineAction->runWithParams(Array)
#4 C:\www\gpor-contrib\9may2011\framework\web\CController.php(278): CController->runAction(Object(CInlineAction))
#5 C:\www\gpor-contrib\9may2011\framework\web\CController.php(257): CController->runActionWithFilters(Object(CInlineAction), Array)
#6 C:\www\gpor-contrib\9may2011\framework\web\CWebApplication.php(328): CController->run('')
#7 C:\www\gpor-contrib\9may2011\framework\web\CWebApplication.php(121): CWebApplication->runController('')
#8 C:\www\gpor-contrib\9may2011\framework\base\CApplication.php(155): CWebApplication->processRequest()
#9 C:\www\gpor-contrib\9may2011\index.php(13): CApplication->run()
#10 {main} REQUEST_URI=/
2011/04/20 17:51:21 [error] [exception.CHttpException.404] exception 'CHttpException' with message 'Unable to resolve the request "favicon.ico".' in C:\www\gpor-contrib\9may2011\framework\web\CWebApplication.php:332
Stack trace:
#0 C:\www\gpor-contrib\9may2011\framework\web\CWebApplication.php(121): CWebApplication->runController('favicon.ico')
#1 C:\www\gpor-contrib\9may2011\framework\base\CApplication.php(155): CWebApplication->processRequest()
#2 C:\www\gpor-contrib\9may2011\index.php(13): CApplication->run()
#3 {main} REQUEST_URI=/favicon.ico/
2011/04/20 17:53:08 [error] [exception.CHttpException.404] exception 'CHttpException' with message 'Unable to resolve the request "favicon.ico".' in C:\www\gpor-contrib\9may2011\framework\web\CWebApplication.php:332
Stack trace:
#0 C:\www\gpor-contrib\9may2011\framework\web\CWebApplication.php(121): CWebApplication->runController('favicon.ico')
#1 C:\www\gpor-contrib\9may2011\framework\base\CApplication.php(155): CWebApplication->processRequest()
#2 C:\www\gpor-contrib\9may2011\index.php(13): CApplication->run()
#3 {main} REQUEST_URI=/favicon.ico/
2011/04/20 17:53:30 [error] [exception.CHttpException.404] exception 'CHttpException' with message 'Unable to resolve the request "favicon.ico".' in C:\www\gpor-contrib\9may2011\framework\web\CWebApplication.php:332
Stack trace:
#0 C:\www\gpor-contrib\9may2011\framework\web\CWebApplication.php(121): CWebApplication->runController('favicon.ico')
#1 C:\www\gpor-contrib\9may2011\framework\base\CApplication.php(155): CWebApplication->processRequest()
#2 C:\www\gpor-contrib\9may2011\index.php(13): CApplication->run()
#3 {main} REQUEST_URI=/favicon.ico/
2011/04/20 17:53:35 [error] [exception.CHttpException.404] exception 'CHttpException' with message 'Unable to resolve the request "favicon.ico".' in C:\www\gpor-contrib\9may2011\framework\web\CWebApplication.php:332
Stack trace:
#0 C:\www\gpor-contrib\9may2011\framework\web\CWebApplication.php(121): CWebApplication->runController('favicon.ico')
#1 C:\www\gpor-contrib\9may2011\framework\base\CApplication.php(155): CWebApplication->processRequest()
#2 C:\www\gpor-contrib\9may2011\index.php(13): CApplication->run()
#3 {main} REQUEST_URI=/favicon.ico/
2011/04/20 17:54:13 [error] [exception.CHttpException.404] exception 'CHttpException' with message 'Unable to resolve the request "favicon.ico".' in C:\www\gpor-contrib\9may2011\framework\web\CWebApplication.php:332
Stack trace:
#0 C:\www\gpor-contrib\9may2011\framework\web\CWebApplication.php(121): CWebApplication->runController('favicon.ico')
#1 C:\www\gpor-contrib\9may2011\framework\base\CApplication.php(155): CWebApplication->processRequest()
#2 C:\www\gpor-contrib\9may2011\index.php(13): CApplication->run()
#3 {main} REQUEST_URI=/favicon.ico/
2011/04/20 17:54:15 [error] [exception.CHttpException.404] exception 'CHttpException' with message 'Unable to resolve the request "favicon.ico".' in C:\www\gpor-contrib\9may2011\framework\web\CWebApplication.php:332
Stack trace:
#0 C:\www\gpor-contrib\9may2011\framework\web\CWebApplication.php(121): CWebApplication->runController('favicon.ico')
#1 C:\www\gpor-contrib\9may2011\framework\base\CApplication.php(155): CWebApplication->processRequest()
#2 C:\www\gpor-contrib\9may2011\index.php(13): CApplication->run()
#3 {main} REQUEST_URI=/favicon.ico/
2011/04/20 17:54:16 [error] [exception.CHttpException.404] exception 'CHttpException' with message 'Unable to resolve the request "favicon.ico".' in C:\www\gpor-contrib\9may2011\framework\web\CWebApplication.php:332
Stack trace:
#0 C:\www\gpor-contrib\9may2011\framework\web\CWebApplication.php(121): CWebApplication->runController('favicon.ico')
#1 C:\www\gpor-contrib\9may2011\framework\base\CApplication.php(155): CWebApplication->processRequest()
#2 C:\www\gpor-contrib\9may2011\index.php(13): CApplication->run()
#3 {main} REQUEST_URI=/favicon.ico/
2011/04/20 17:54:16 [error] [exception.CHttpException.404] exception 'CHttpException' with message 'Unable to resolve the request "favicon.ico".' in C:\www\gpor-contrib\9may2011\framework\web\CWebApplication.php:332
Stack trace:
#0 C:\www\gpor-contrib\9may2011\framework\web\CWebApplication.php(121): CWebApplication->runController('favicon.ico')
#1 C:\www\gpor-contrib\9may2011\framework\base\CApplication.php(155): CWebApplication->processRequest()
#2 C:\www\gpor-contrib\9may2011\index.php(13): CApplication->run()
#3 {main} REQUEST_URI=/favicon.ico/
2011/04/20 17:55:15 [error] [exception.CHttpException.404] exception 'CHttpException' with message 'Unable to resolve the request "favicon.ico".' in C:\www\gpor-contrib\9may2011\framework\web\CWebApplication.php:332
Stack trace:
#0 C:\www\gpor-contrib\9may2011\framework\web\CWebApplication.php(121): CWebApplication->runController('favicon.ico')
#1 C:\www\gpor-contrib\9may2011\framework\base\CApplication.php(155): CWebApplication->processRequest()
#2 C:\www\gpor-contrib\9may2011\index.php(13): CApplication->run()
#3 {main} REQUEST_URI=/favicon.ico/
2011/04/20 17:55:22 [error] [exception.CHttpException.404] exception 'CHttpException' with message 'Unable to resolve the request "favicon.ico".' in C:\www\gpor-contrib\9may2011\framework\web\CWebApplication.php:332
Stack trace:
#0 C:\www\gpor-contrib\9may2011\framework\web\CWebApplication.php(121): CWebApplication->runController('favicon.ico')
#1 C:\www\gpor-contrib\9may2011\framework\base\CApplication.php(155): CWebApplication->processRequest()
#2 C:\www\gpor-contrib\9may2011\index.php(13): CApplication->run()
#3 {main} REQUEST_URI=/favicon.ico/
2011/04/20 17:55:23 [error] [exception.CHttpException.404] exception 'CHttpException' with message 'Unable to resolve the request "favicon.ico".' in C:\www\gpor-contrib\9may2011\framework\web\CWebApplication.php:332
Stack trace:
#0 C:\www\gpor-contrib\9may2011\framework\web\CWebApplication.php(121): CWebApplication->runController('favicon.ico')
#1 C:\www\gpor-contrib\9may2011\framework\base\CApplication.php(155): CWebApplication->processRequest()
#2 C:\www\gpor-contrib\9may2011\index.php(13): CApplication->run()
#3 {main} REQUEST_URI=/favicon.ico/
2011/04/20 17:55:23 [error] [exception.CHttpException.404] exception 'CHttpException' with message 'Unable to resolve the request "favicon.ico".' in C:\www\gpor-contrib\9may2011\framework\web\CWebApplication.php:332
Stack trace:
#0 C:\www\gpor-contrib\9may2011\framework\web\CWebApplication.php(121): CWebApplication->runController('favicon.ico')
#1 C:\www\gpor-contrib\9may2011\framework\base\CApplication.php(155): CWebApplication->processRequest()
#2 C:\www\gpor-contrib\9may2011\index.php(13): CApplication->run()
#3 {main} REQUEST_URI=/favicon.ico/
2011/04/20 17:55:26 [error] [exception.CHttpException.404] exception 'CHttpException' with message 'Unable to resolve the request "favicon.ico".' in C:\www\gpor-contrib\9may2011\framework\web\CWebApplication.php:332
Stack trace:
#0 C:\www\gpor-contrib\9may2011\framework\web\CWebApplication.php(121): CWebApplication->runController('favicon.ico')
#1 C:\www\gpor-contrib\9may2011\framework\base\CApplication.php(155): CWebApplication->processRequest()
#2 C:\www\gpor-contrib\9may2011\index.php(13): CApplication->run()
#3 {main} REQUEST_URI=/favicon.ico/
2011/04/20 17:55:41 [error] [exception.CHttpException.404] exception 'CHttpException' with message 'Unable to resolve the request "favicon.ico".' in C:\www\gpor-contrib\9may2011\framework\web\CWebApplication.php:332
Stack trace:
#0 C:\www\gpor-contrib\9may2011\framework\web\CWebApplication.php(121): CWebApplication->runController('favicon.ico')
#1 C:\www\gpor-contrib\9may2011\framework\base\CApplication.php(155): CWebApplication->processRequest()
#2 C:\www\gpor-contrib\9may2011\index.php(13): CApplication->run()
#3 {main} REQUEST_URI=/favicon.ico/
2011/04/20 17:55:45 [error] [exception.CHttpException.404] exception 'CHttpException' with message 'Unable to resolve the request "favicon.ico".' in C:\www\gpor-contrib\9may2011\framework\web\CWebApplication.php:332
Stack trace:
#0 C:\www\gpor-contrib\9may2011\framework\web\CWebApplication.php(121): CWebApplication->runController('favicon.ico')
#1 C:\www\gpor-contrib\9may2011\framework\base\CApplication.php(155): CWebApplication->processRequest()
#2 C:\www\gpor-contrib\9may2011\index.php(13): CApplication->run()
#3 {main} REQUEST_URI=/favicon.ico/
2011/04/20 17:55:45 [error] [exception.CHttpException.404] exception 'CHttpException' with message 'Unable to resolve the request "favicon.ico".' in C:\www\gpor-contrib\9may2011\framework\web\CWebApplication.php:332
Stack trace:
#0 C:\www\gpor-contrib\9may2011\framework\web\CWebApplication.php(121): CWebApplication->runController('favicon.ico')
#1 C:\www\gpor-contrib\9may2011\framework\base\CApplication.php(155): CWebApplication->processRequest()
#2 C:\www\gpor-contrib\9may2011\index.php(13): CApplication->run()
#3 {main} REQUEST_URI=/favicon.ico/
2011/04/20 17:55:46 [error] [exception.CHttpException.404] exception 'CHttpException' with message 'Unable to resolve the request "favicon.ico".' in C:\www\gpor-contrib\9may2011\framework\web\CWebApplication.php:332
Stack trace:
#0 C:\www\gpor-contrib\9may2011\framework\web\CWebApplication.php(121): CWebApplication->runController('favicon.ico')
#1 C:\www\gpor-contrib\9may2011\framework\base\CApplication.php(155): CWebApplication->processRequest()
#2 C:\www\gpor-contrib\9may2011\index.php(13): CApplication->run()
#3 {main} REQUEST_URI=/favicon.ico/
2011/04/20 17:55:55 [error] [exception.CHttpException.404] exception 'CHttpException' with message 'Unable to resolve the request "favicon.ico".' in C:\www\gpor-contrib\9may2011\framework\web\CWebApplication.php:332
Stack trace:
#0 C:\www\gpor-contrib\9may2011\framework\web\CWebApplication.php(121): CWebApplication->runController('favicon.ico')
#1 C:\www\gpor-contrib\9may2011\framework\base\CApplication.php(155): CWebApplication->processRequest()
#2 C:\www\gpor-contrib\9may2011\index.php(13): CApplication->run()
#3 {main} REQUEST_URI=/favicon.ico/
2011/04/20 17:55:56 [error] [exception.CHttpException.404] exception 'CHttpException' with message 'Unable to resolve the request "favicon.ico".' in C:\www\gpor-contrib\9may2011\framework\web\CWebApplication.php:332
Stack trace:
#0 C:\www\gpor-contrib\9may2011\framework\web\CWebApplication.php(121): CWebApplication->runController('favicon.ico')
#1 C:\www\gpor-contrib\9may2011\framework\base\CApplication.php(155): CWebApplication->processRequest()
#2 C:\www\gpor-contrib\9may2011\index.php(13): CApplication->run()
#3 {main} REQUEST_URI=/favicon.ico/
2011/04/20 17:55:57 [error] [exception.CHttpException.404] exception 'CHttpException' with message 'Unable to resolve the request "favicon.ico".' in C:\www\gpor-contrib\9may2011\framework\web\CWebApplication.php:332
Stack trace:
#0 C:\www\gpor-contrib\9may2011\framework\web\CWebApplication.php(121): CWebApplication->runController('favicon.ico')
#1 C:\www\gpor-contrib\9may2011\framework\base\CApplication.php(155): CWebApplication->processRequest()
#2 C:\www\gpor-contrib\9may2011\index.php(13): CApplication->run()
#3 {main} REQUEST_URI=/favicon.ico/
2011/04/20 17:55:57 [error] [exception.CHttpException.404] exception 'CHttpException' with message 'Unable to resolve the request "favicon.ico".' in C:\www\gpor-contrib\9may2011\framework\web\CWebApplication.php:332
Stack trace:
#0 C:\www\gpor-contrib\9may2011\framework\web\CWebApplication.php(121): CWebApplication->runController('favicon.ico')
#1 C:\www\gpor-contrib\9may2011\framework\base\CApplication.php(155): CWebApplication->processRequest()
#2 C:\www\gpor-contrib\9may2011\index.php(13): CApplication->run()
#3 {main} REQUEST_URI=/favicon.ico/
2011/04/20 17:55:58 [error] [exception.CHttpException.404] exception 'CHttpException' with message 'Unable to resolve the request "favicon.ico".' in C:\www\gpor-contrib\9may2011\framework\web\CWebApplication.php:332
Stack trace:
#0 C:\www\gpor-contrib\9may2011\framework\web\CWebApplication.php(121): CWebApplication->runController('favicon.ico')
#1 C:\www\gpor-contrib\9may2011\framework\base\CApplication.php(155): CWebApplication->processRequest()
#2 C:\www\gpor-contrib\9may2011\index.php(13): CApplication->run()
#3 {main} REQUEST_URI=/favicon.ico/
2011/04/20 17:55:58 [error] [exception.CHttpException.404] exception 'CHttpException' with message 'Unable to resolve the request "favicon.ico".' in C:\www\gpor-contrib\9may2011\framework\web\CWebApplication.php:332
Stack trace:
#0 C:\www\gpor-contrib\9may2011\framework\web\CWebApplication.php(121): CWebApplication->runController('favicon.ico')
#1 C:\www\gpor-contrib\9may2011\framework\base\CApplication.php(155): CWebApplication->processRequest()
#2 C:\www\gpor-contrib\9may2011\index.php(13): CApplication->run()
#3 {main} REQUEST_URI=/favicon.ico/
2011/04/20 17:55:58 [error] [exception.CHttpException.404] exception 'CHttpException' with message 'Unable to resolve the request "favicon.ico".' in C:\www\gpor-contrib\9may2011\framework\web\CWebApplication.php:332
Stack trace:
#0 C:\www\gpor-contrib\9may2011\framework\web\CWebApplication.php(121): CWebApplication->runController('favicon.ico')
#1 C:\www\gpor-contrib\9may2011\framework\base\CApplication.php(155): CWebApplication->processRequest()
#2 C:\www\gpor-contrib\9may2011\index.php(13): CApplication->run()
#3 {main} REQUEST_URI=/favicon.ico/
2011/04/20 17:55:58 [error] [exception.CHttpException.404] exception 'CHttpException' with message 'Unable to resolve the request "favicon.ico".' in C:\www\gpor-contrib\9may2011\framework\web\CWebApplication.php:332
Stack trace:
#0 C:\www\gpor-contrib\9may2011\framework\web\CWebApplication.php(121): CWebApplication->runController('favicon.ico')
#1 C:\www\gpor-contrib\9may2011\framework\base\CApplication.php(155): CWebApplication->processRequest()
#2 C:\www\gpor-contrib\9may2011\index.php(13): CApplication->run()
#3 {main} REQUEST_URI=/favicon.ico/
2011/04/20 17:55:59 [error] [exception.CHttpException.404] exception 'CHttpException' with message 'Unable to resolve the request "favicon.ico".' in C:\www\gpor-contrib\9may2011\framework\web\CWebApplication.php:332
Stack trace:
#0 C:\www\gpor-contrib\9may2011\framework\web\CWebApplication.php(121): CWebApplication->runController('favicon.ico')
#1 C:\www\gpor-contrib\9may2011\framework\base\CApplication.php(155): CWebApplication->processRequest()
#2 C:\www\gpor-contrib\9may2011\index.php(13): CApplication->run()
#3 {main} REQUEST_URI=/favicon.ico/
2011/04/20 17:56:06 [error] [exception.CHttpException.404] exception 'CHttpException' with message 'Unable to resolve the request "favicon.ico".' in C:\www\gpor-contrib\9may2011\framework\web\CWebApplication.php:332
Stack trace:
#0 C:\www\gpor-contrib\9may2011\framework\web\CWebApplication.php(121): CWebApplication->runController('favicon.ico')
#1 C:\www\gpor-contrib\9may2011\framework\base\CApplication.php(155): CWebApplication->processRequest()
#2 C:\www\gpor-contrib\9may2011\index.php(13): CApplication->run()
#3 {main} REQUEST_URI=/favicon.ico/
2011/04/20 17:56:06 [error] [exception.CHttpException.404] exception 'CHttpException' with message 'Unable to resolve the request "favicon.ico".' in C:\www\gpor-contrib\9may2011\framework\web\CWebApplication.php:332
Stack trace:
#0 C:\www\gpor-contrib\9may2011\framework\web\CWebApplication.php(121): CWebApplication->runController('favicon.ico')
#1 C:\www\gpor-contrib\9may2011\framework\base\CApplication.php(155): CWebApplication->processRequest()
#2 C:\www\gpor-contrib\9may2011\index.php(13): CApplication->run()
#3 {main} REQUEST_URI=/favicon.ico/
2011/04/20 17:56:14 [error] [exception.CHttpException.404] exception 'CHttpException' with message 'Unable to resolve the request "favicon.ico".' in C:\www\gpor-contrib\9may2011\framework\web\CWebApplication.php:332
Stack trace:
#0 C:\www\gpor-contrib\9may2011\framework\web\CWebApplication.php(121): CWebApplication->runController('favicon.ico')
#1 C:\www\gpor-contrib\9may2011\framework\base\CApplication.php(155): CWebApplication->processRequest()
#2 C:\www\gpor-contrib\9may2011\index.php(13): CApplication->run()
#3 {main} REQUEST_URI=/favicon.ico/
2011/04/20 17:56:14 [error] [exception.CHttpException.404] exception 'CHttpException' with message 'Unable to resolve the request "favicon.ico".' in C:\www\gpor-contrib\9may2011\framework\web\CWebApplication.php:332
Stack trace:
#0 C:\www\gpor-contrib\9may2011\framework\web\CWebApplication.php(121): CWebApplication->runController('favicon.ico')
#1 C:\www\gpor-contrib\9may2011\framework\base\CApplication.php(155): CWebApplication->processRequest()
#2 C:\www\gpor-contrib\9may2011\index.php(13): CApplication->run()
#3 {main} REQUEST_URI=/favicon.ico/
2011/04/20 17:56:15 [error] [exception.CHttpException.404] exception 'CHttpException' with message 'Unable to resolve the request "favicon.ico".' in C:\www\gpor-contrib\9may2011\framework\web\CWebApplication.php:332
Stack trace:
#0 C:\www\gpor-contrib\9may2011\framework\web\CWebApplication.php(121): CWebApplication->runController('favicon.ico')
#1 C:\www\gpor-contrib\9may2011\framework\base\CApplication.php(155): CWebApplication->processRequest()
#2 C:\www\gpor-contrib\9may2011\index.php(13): CApplication->run()
#3 {main} REQUEST_URI=/favicon.ico/
2011/04/20 17:56:17 [error] [exception.CHttpException.404] exception 'CHttpException' with message 'Unable to resolve the request "favicon.ico".' in C:\www\gpor-contrib\9may2011\framework\web\CWebApplication.php:332
Stack trace:
#0 C:\www\gpor-contrib\9may2011\framework\web\CWebApplication.php(121): CWebApplication->runController('favicon.ico')
#1 C:\www\gpor-contrib\9may2011\framework\base\CApplication.php(155): CWebApplication->processRequest()
#2 C:\www\gpor-contrib\9may2011\index.php(13): CApplication->run()
#3 {main} REQUEST_URI=/favicon.ico/
2011/04/20 17:56:17 [error] [exception.CHttpException.404] exception 'CHttpException' with message 'Unable to resolve the request "favicon.ico".' in C:\www\gpor-contrib\9may2011\framework\web\CWebApplication.php:332
Stack trace:
#0 C:\www\gpor-contrib\9may2011\framework\web\CWebApplication.php(121): CWebApplication->runController('favicon.ico')
#1 C:\www\gpor-contrib\9may2011\framework\base\CApplication.php(155): CWebApplication->processRequest()
#2 C:\www\gpor-contrib\9may2011\index.php(13): CApplication->run()
#3 {main} REQUEST_URI=/favicon.ico/
2011/04/20 17:56:18 [error] [exception.CHttpException.404] exception 'CHttpException' with message 'Unable to resolve the request "favicon.ico".' in C:\www\gpor-contrib\9may2011\framework\web\CWebApplication.php:332
Stack trace:
#0 C:\www\gpor-contrib\9may2011\framework\web\CWebApplication.php(121): CWebApplication->runController('favicon.ico')
#1 C:\www\gpor-contrib\9may2011\framework\base\CApplication.php(155): CWebApplication->processRequest()
#2 C:\www\gpor-contrib\9may2011\index.php(13): CApplication->run()
#3 {main} REQUEST_URI=/favicon.ico/
2011/04/20 17:56:18 [error] [exception.CHttpException.404] exception 'CHttpException' with message 'Unable to resolve the request "favicon.ico".' in C:\www\gpor-contrib\9may2011\framework\web\CWebApplication.php:332
Stack trace:
#0 C:\www\gpor-contrib\9may2011\framework\web\CWebApplication.php(121): CWebApplication->runController('favicon.ico')
#1 C:\www\gpor-contrib\9may2011\framework\base\CApplication.php(155): CWebApplication->processRequest()
#2 C:\www\gpor-contrib\9may2011\index.php(13): CApplication->run()
#3 {main} REQUEST_URI=/favicon.ico/
2011/04/20 17:56:18 [error] [exception.CHttpException.404] exception 'CHttpException' with message 'Unable to resolve the request "favicon.ico".' in C:\www\gpor-contrib\9may2011\framework\web\CWebApplication.php:332
Stack trace:
#0 C:\www\gpor-contrib\9may2011\framework\web\CWebApplication.php(121): CWebApplication->runController('favicon.ico')
#1 C:\www\gpor-contrib\9may2011\framework\base\CApplication.php(155): CWebApplication->processRequest()
#2 C:\www\gpor-contrib\9may2011\index.php(13): CApplication->run()
#3 {main} REQUEST_URI=/favicon.ico/
2011/04/20 17:59:26 [error] [exception.CHttpException.404] exception 'CHttpException' with message 'Unable to resolve the request "favicon.ico".' in C:\www\gpor-contrib\9may2011\framework\web\CWebApplication.php:332
Stack trace:
#0 C:\www\gpor-contrib\9may2011\framework\web\CWebApplication.php(121): CWebApplication->runController('favicon.ico')
#1 C:\www\gpor-contrib\9may2011\framework\base\CApplication.php(155): CWebApplication->processRequest()
#2 C:\www\gpor-contrib\9may2011\index.php(13): CApplication->run()
#3 {main} REQUEST_URI=/favicon.ico/
2011/04/20 17:59:28 [error] [exception.CHttpException.404] exception 'CHttpException' with message 'Unable to resolve the request "favicon.ico".' in C:\www\gpor-contrib\9may2011\framework\web\CWebApplication.php:332
Stack trace:
#0 C:\www\gpor-contrib\9may2011\framework\web\CWebApplication.php(121): CWebApplication->runController('favicon.ico')
#1 C:\www\gpor-contrib\9may2011\framework\base\CApplication.php(155): CWebApplication->processRequest()
#2 C:\www\gpor-contrib\9may2011\index.php(13): CApplication->run()
#3 {main} REQUEST_URI=/favicon.ico/
2011/04/20 18:00:11 [error] [exception.CHttpException.404] exception 'CHttpException' with message 'Unable to resolve the request "favicon.ico".' in C:\www\gpor-contrib\9may2011\framework\web\CWebApplication.php:332
Stack trace:
#0 C:\www\gpor-contrib\9may2011\framework\web\CWebApplication.php(121): CWebApplication->runController('favicon.ico')
#1 C:\www\gpor-contrib\9may2011\framework\base\CApplication.php(155): CWebApplication->processRequest()
#2 C:\www\gpor-contrib\9may2011\index.php(13): CApplication->run()
#3 {main} REQUEST_URI=/favicon.ico/
2011/04/20 18:00:13 [error] [exception.CHttpException.404] exception 'CHttpException' with message 'Unable to resolve the request "favicon.ico".' in C:\www\gpor-contrib\9may2011\framework\web\CWebApplication.php:332
Stack trace:
#0 C:\www\gpor-contrib\9may2011\framework\web\CWebApplication.php(121): CWebApplication->runController('favicon.ico')
#1 C:\www\gpor-contrib\9may2011\framework\base\CApplication.php(155): CWebApplication->processRequest()
#2 C:\www\gpor-contrib\9may2011\index.php(13): CApplication->run()
#3 {main} REQUEST_URI=/favicon.ico/
2011/04/20 18:00:14 [error] [exception.CHttpException.404] exception 'CHttpException' with message 'Unable to resolve the request "favicon.ico".' in C:\www\gpor-contrib\9may2011\framework\web\CWebApplication.php:332
Stack trace:
#0 C:\www\gpor-contrib\9may2011\framework\web\CWebApplication.php(121): CWebApplication->runController('favicon.ico')
#1 C:\www\gpor-contrib\9may2011\framework\base\CApplication.php(155): CWebApplication->processRequest()
#2 C:\www\gpor-contrib\9may2011\index.php(13): CApplication->run()
#3 {main} REQUEST_URI=/favicon.ico/
2011/04/20 18:00:19 [error] [exception.CHttpException.404] exception 'CHttpException' with message 'Unable to resolve the request "favicon.ico".' in C:\www\gpor-contrib\9may2011\framework\web\CWebApplication.php:332
Stack trace:
#0 C:\www\gpor-contrib\9may2011\framework\web\CWebApplication.php(121): CWebApplication->runController('favicon.ico')
#1 C:\www\gpor-contrib\9may2011\framework\base\CApplication.php(155): CWebApplication->processRequest()
#2 C:\www\gpor-contrib\9may2011\index.php(13): CApplication->run()
#3 {main} REQUEST_URI=/favicon.ico/
2011/04/20 18:00:20 [error] [exception.CHttpException.404] exception 'CHttpException' with message 'Unable to resolve the request "favicon.ico".' in C:\www\gpor-contrib\9may2011\framework\web\CWebApplication.php:332
Stack trace:
#0 C:\www\gpor-contrib\9may2011\framework\web\CWebApplication.php(121): CWebApplication->runController('favicon.ico')
#1 C:\www\gpor-contrib\9may2011\framework\base\CApplication.php(155): CWebApplication->processRequest()
#2 C:\www\gpor-contrib\9may2011\index.php(13): CApplication->run()
#3 {main} REQUEST_URI=/favicon.ico/
2011/04/20 18:00:20 [error] [exception.CHttpException.404] exception 'CHttpException' with message 'Unable to resolve the request "favicon.ico".' in C:\www\gpor-contrib\9may2011\framework\web\CWebApplication.php:332
Stack trace:
#0 C:\www\gpor-contrib\9may2011\framework\web\CWebApplication.php(121): CWebApplication->runController('favicon.ico')
#1 C:\www\gpor-contrib\9may2011\framework\base\CApplication.php(155): CWebApplication->processRequest()
#2 C:\www\gpor-contrib\9may2011\index.php(13): CApplication->run()
#3 {main} REQUEST_URI=/favicon.ico/
2011/04/20 18:00:34 [error] [exception.CHttpException.404] exception 'CHttpException' with message 'Unable to resolve the request "favicon.ico".' in C:\www\gpor-contrib\9may2011\framework\web\CWebApplication.php:332
Stack trace:
#0 C:\www\gpor-contrib\9may2011\framework\web\CWebApplication.php(121): CWebApplication->runController('favicon.ico')
#1 C:\www\gpor-contrib\9may2011\framework\base\CApplication.php(155): CWebApplication->processRequest()
#2 C:\www\gpor-contrib\9may2011\index.php(13): CApplication->run()
#3 {main} REQUEST_URI=/favicon.ico/
2011/04/20 18:00:36 [error] [exception.CHttpException.404] exception 'CHttpException' with message 'Unable to resolve the request "favicon.ico".' in C:\www\gpor-contrib\9may2011\framework\web\CWebApplication.php:332
Stack trace:
#0 C:\www\gpor-contrib\9may2011\framework\web\CWebApplication.php(121): CWebApplication->runController('favicon.ico')
#1 C:\www\gpor-contrib\9may2011\framework\base\CApplication.php(155): CWebApplication->processRequest()
#2 C:\www\gpor-contrib\9may2011\index.php(13): CApplication->run()
#3 {main} REQUEST_URI=/favicon.ico/
2011/04/20 18:00:36 [error] [exception.CHttpException.404] exception 'CHttpException' with message 'Unable to resolve the request "favicon.ico".' in C:\www\gpor-contrib\9may2011\framework\web\CWebApplication.php:332
Stack trace:
#0 C:\www\gpor-contrib\9may2011\framework\web\CWebApplication.php(121): CWebApplication->runController('favicon.ico')
#1 C:\www\gpor-contrib\9may2011\framework\base\CApplication.php(155): CWebApplication->processRequest()
#2 C:\www\gpor-contrib\9may2011\index.php(13): CApplication->run()
#3 {main} REQUEST_URI=/favicon.ico/
2011/04/20 18:00:37 [error] [exception.CHttpException.404] exception 'CHttpException' with message 'Unable to resolve the request "favicon.ico".' in C:\www\gpor-contrib\9may2011\framework\web\CWebApplication.php:332
Stack trace:
#0 C:\www\gpor-contrib\9may2011\framework\web\CWebApplication.php(121): CWebApplication->runController('favicon.ico')
#1 C:\www\gpor-contrib\9may2011\framework\base\CApplication.php(155): CWebApplication->processRequest()
#2 C:\www\gpor-contrib\9may2011\index.php(13): CApplication->run()
#3 {main} REQUEST_URI=/favicon.ico/
2011/04/20 18:00:37 [error] [exception.CHttpException.404] exception 'CHttpException' with message 'Unable to resolve the request "favicon.ico".' in C:\www\gpor-contrib\9may2011\framework\web\CWebApplication.php:332
Stack trace:
#0 C:\www\gpor-contrib\9may2011\framework\web\CWebApplication.php(121): CWebApplication->runController('favicon.ico')
#1 C:\www\gpor-contrib\9may2011\framework\base\CApplication.php(155): CWebApplication->processRequest()
#2 C:\www\gpor-contrib\9may2011\index.php(13): CApplication->run()
#3 {main} REQUEST_URI=/favicon.ico/
2011/04/20 18:00:37 [error] [exception.CHttpException.404] exception 'CHttpException' with message 'Unable to resolve the request "favicon.ico".' in C:\www\gpor-contrib\9may2011\framework\web\CWebApplication.php:332
Stack trace:
#0 C:\www\gpor-contrib\9may2011\framework\web\CWebApplication.php(121): CWebApplication->runController('favicon.ico')
#1 C:\www\gpor-contrib\9may2011\framework\base\CApplication.php(155): CWebApplication->processRequest()
#2 C:\www\gpor-contrib\9may2011\index.php(13): CApplication->run()
#3 {main} REQUEST_URI=/favicon.ico/
2011/04/20 18:00:37 [error] [exception.CHttpException.404] exception 'CHttpException' with message 'Unable to resolve the request "favicon.ico".' in C:\www\gpor-contrib\9may2011\framework\web\CWebApplication.php:332
Stack trace:
#0 C:\www\gpor-contrib\9may2011\framework\web\CWebApplication.php(121): CWebApplication->runController('favicon.ico')
#1 C:\www\gpor-contrib\9may2011\framework\base\CApplication.php(155): CWebApplication->processRequest()
#2 C:\www\gpor-contrib\9may2011\index.php(13): CApplication->run()
#3 {main} REQUEST_URI=/favicon.ico/
2011/04/20 18:00:38 [error] [exception.CHttpException.404] exception 'CHttpException' with message 'Unable to resolve the request "favicon.ico".' in C:\www\gpor-contrib\9may2011\framework\web\CWebApplication.php:332
Stack trace:
#0 C:\www\gpor-contrib\9may2011\framework\web\CWebApplication.php(121): CWebApplication->runController('favicon.ico')
#1 C:\www\gpor-contrib\9may2011\framework\base\CApplication.php(155): CWebApplication->processRequest()
#2 C:\www\gpor-contrib\9may2011\index.php(13): CApplication->run()
#3 {main} REQUEST_URI=/favicon.ico/
2011/04/20 18:00:38 [error] [exception.CHttpException.404] exception 'CHttpException' with message 'Unable to resolve the request "favicon.ico".' in C:\www\gpor-contrib\9may2011\framework\web\CWebApplication.php:332
Stack trace:
#0 C:\www\gpor-contrib\9may2011\framework\web\CWebApplication.php(121): CWebApplication->runController('favicon.ico')
#1 C:\www\gpor-contrib\9may2011\framework\base\CApplication.php(155): CWebApplication->processRequest()
#2 C:\www\gpor-contrib\9may2011\index.php(13): CApplication->run()
#3 {main} REQUEST_URI=/favicon.ico/
2011/04/20 18:00:38 [error] [exception.CHttpException.404] exception 'CHttpException' with message 'Unable to resolve the request "favicon.ico".' in C:\www\gpor-contrib\9may2011\framework\web\CWebApplication.php:332
Stack trace:
#0 C:\www\gpor-contrib\9may2011\framework\web\CWebApplication.php(121): CWebApplication->runController('favicon.ico')
#1 C:\www\gpor-contrib\9may2011\framework\base\CApplication.php(155): CWebApplication->processRequest()
#2 C:\www\gpor-contrib\9may2011\index.php(13): CApplication->run()
#3 {main} REQUEST_URI=/favicon.ico/
2011/04/20 18:00:38 [error] [exception.CHttpException.404] exception 'CHttpException' with message 'Unable to resolve the request "favicon.ico".' in C:\www\gpor-contrib\9may2011\framework\web\CWebApplication.php:332
Stack trace:
#0 C:\www\gpor-contrib\9may2011\framework\web\CWebApplication.php(121): CWebApplication->runController('favicon.ico')
#1 C:\www\gpor-contrib\9may2011\framework\base\CApplication.php(155): CWebApplication->processRequest()
#2 C:\www\gpor-contrib\9may2011\index.php(13): CApplication->run()
#3 {main} REQUEST_URI=/favicon.ico/
2011/04/20 18:00:39 [error] [exception.CHttpException.404] exception 'CHttpException' with message 'Unable to resolve the request "favicon.ico".' in C:\www\gpor-contrib\9may2011\framework\web\CWebApplication.php:332
Stack trace:
#0 C:\www\gpor-contrib\9may2011\framework\web\CWebApplication.php(121): CWebApplication->runController('favicon.ico')
#1 C:\www\gpor-contrib\9may2011\framework\base\CApplication.php(155): CWebApplication->processRequest()
#2 C:\www\gpor-contrib\9may2011\index.php(13): CApplication->run()
#3 {main} REQUEST_URI=/favicon.ico/
2011/04/20 18:00:48 [error] [exception.CHttpException.404] exception 'CHttpException' with message 'Unable to resolve the request "favicon.ico".' in C:\www\gpor-contrib\9may2011\framework\web\CWebApplication.php:332
Stack trace:
#0 C:\www\gpor-contrib\9may2011\framework\web\CWebApplication.php(121): CWebApplication->runController('favicon.ico')
#1 C:\www\gpor-contrib\9may2011\framework\base\CApplication.php(155): CWebApplication->processRequest()
#2 C:\www\gpor-contrib\9may2011\index.php(13): CApplication->run()
#3 {main} REQUEST_URI=/favicon.ico/
2011/04/21 08:52:20 [error] [exception.CHttpException.404] exception 'CHttpException' with message 'Unable to resolve the request "favicon.ico".' in C:\www\gpor-contrib\9may2011\framework\web\CWebApplication.php:332
Stack trace:
#0 C:\www\gpor-contrib\9may2011\framework\web\CWebApplication.php(121): CWebApplication->runController('favicon.ico')
#1 C:\www\gpor-contrib\9may2011\framework\base\CApplication.php(155): CWebApplication->processRequest()
#2 C:\www\gpor-contrib\9may2011\index.php(13): CApplication->run()
#3 {main} REQUEST_URI=/favicon.ico/
2011/04/21 08:58:00 [error] [exception.CHttpException.404] exception 'CHttpException' with message 'Unable to resolve the request "favicon.ico".' in C:\www\gpor-contrib\9may2011\framework\web\CWebApplication.php:332
Stack trace:
#0 C:\www\gpor-contrib\9may2011\framework\web\CWebApplication.php(121): CWebApplication->runController('favicon.ico')
#1 C:\www\gpor-contrib\9may2011\framework\base\CApplication.php(155): CWebApplication->processRequest()
#2 C:\www\gpor-contrib\9may2011\index.php(13): CApplication->run()
#3 {main} REQUEST_URI=/favicon.ico/
2011/04/21 09:01:08 [error] [exception.CException] exception 'CException' with message 'Property "WebUser.idGuest" is not defined.' in C:\www\gpor-contrib\9may2011\framework\base\CComponent.php:131
Stack trace:
#0 C:\www\gpor-contrib\9may2011\framework\web\auth\CWebUser.php(124): CComponent->__get('idGuest')
#1 C:\www\gpor-contrib\9may2011\protected\views\site\index.php(1): CWebUser->__get('idGuest')
#2 C:\www\gpor-contrib\9may2011\framework\web\CBaseController.php(119): require('C:\www\gpor-con...')
#3 C:\www\gpor-contrib\9may2011\framework\web\CBaseController.php(88): CBaseController->renderInternal('C:\www\gpor-con...', Array, true)
#4 C:\www\gpor-contrib\9may2011\framework\web\CController.php(866): CBaseController->renderFile('C:\www\gpor-con...', Array, true)
#5 C:\www\gpor-contrib\9may2011\framework\web\CController.php(779): CController->renderPartial('index', Array, true)
#6 C:\www\gpor-contrib\9may2011\protected\controllers\SiteController.php(20): CController->render('index', Array)
#7 C:\www\gpor-contrib\9may2011\framework\web\actions\CInlineAction.php(50): SiteController->actionIndex()
#8 C:\www\gpor-contrib\9may2011\framework\web\CController.php(300): CInlineAction->runWithParams(Array)
#9 C:\www\gpor-contrib\9may2011\framework\web\CController.php(278): CController->runAction(Object(CInlineAction))
#10 C:\www\gpor-contrib\9may2011\framework\web\CController.php(257): CController->runActionWithFilters(Object(CInlineAction), Array)
#11 C:\www\gpor-contrib\9may2011\framework\web\CWebApplication.php(328): CController->run('')
#12 C:\www\gpor-contrib\9may2011\framework\web\CWebApplication.php(121): CWebApplication->runController('')
#13 C:\www\gpor-contrib\9may2011\framework\base\CApplication.php(155): CWebApplication->processRequest()
#14 C:\www\gpor-contrib\9may2011\index.php(13): CApplication->run()
#15 {main} REQUEST_URI=/
2011/04/21 09:01:09 [error] [exception.CHttpException.404] exception 'CHttpException' with message 'Unable to resolve the request "favicon.ico".' in C:\www\gpor-contrib\9may2011\framework\web\CWebApplication.php:332
Stack trace:
#0 C:\www\gpor-contrib\9may2011\framework\web\CWebApplication.php(121): CWebApplication->runController('favicon.ico')
#1 C:\www\gpor-contrib\9may2011\framework\base\CApplication.php(155): CWebApplication->processRequest()
#2 C:\www\gpor-contrib\9may2011\index.php(13): CApplication->run()
#3 {main} REQUEST_URI=/favicon.ico/
2011/04/21 09:01:13 [error] [exception.CHttpException.404] exception 'CHttpException' with message 'Unable to resolve the request "favicon.ico".' in C:\www\gpor-contrib\9may2011\framework\web\CWebApplication.php:332
Stack trace:
#0 C:\www\gpor-contrib\9may2011\framework\web\CWebApplication.php(121): CWebApplication->runController('favicon.ico')
#1 C:\www\gpor-contrib\9may2011\framework\base\CApplication.php(155): CWebApplication->processRequest()
#2 C:\www\gpor-contrib\9may2011\index.php(13): CApplication->run()
#3 {main} REQUEST_URI=/favicon.ico/
2011/04/21 09:01:22 [error] [exception.CHttpException.404] exception 'CHttpException' with message 'Unable to resolve the request "favicon.ico".' in C:\www\gpor-contrib\9may2011\framework\web\CWebApplication.php:332
Stack trace:
#0 C:\www\gpor-contrib\9may2011\framework\web\CWebApplication.php(121): CWebApplication->runController('favicon.ico')
#1 C:\www\gpor-contrib\9may2011\framework\base\CApplication.php(155): CWebApplication->processRequest()
#2 C:\www\gpor-contrib\9may2011\index.php(13): CApplication->run()
#3 {main} REQUEST_URI=/favicon.ico/
2011/04/21 09:01:43 [error] [exception.CHttpException.404] exception 'CHttpException' with message 'Unable to resolve the request "favicon.ico".' in C:\www\gpor-contrib\9may2011\framework\web\CWebApplication.php:332
Stack trace:
#0 C:\www\gpor-contrib\9may2011\framework\web\CWebApplication.php(121): CWebApplication->runController('favicon.ico')
#1 C:\www\gpor-contrib\9may2011\framework\base\CApplication.php(155): CWebApplication->processRequest()
#2 C:\www\gpor-contrib\9may2011\index.php(13): CApplication->run()
#3 {main} REQUEST_URI=/favicon.ico/
2011/04/21 09:01:44 [error] [exception.CHttpException.404] exception 'CHttpException' with message 'Unable to resolve the request "favicon.ico".' in C:\www\gpor-contrib\9may2011\framework\web\CWebApplication.php:332
Stack trace:
#0 C:\www\gpor-contrib\9may2011\framework\web\CWebApplication.php(121): CWebApplication->runController('favicon.ico')
#1 C:\www\gpor-contrib\9may2011\framework\base\CApplication.php(155): CWebApplication->processRequest()
#2 C:\www\gpor-contrib\9may2011\index.php(13): CApplication->run()
#3 {main} REQUEST_URI=/favicon.ico/
2011/04/21 09:01:50 [error] [exception.CHttpException.404] exception 'CHttpException' with message 'Unable to resolve the request "favicon.ico".' in C:\www\gpor-contrib\9may2011\framework\web\CWebApplication.php:332
Stack trace:
#0 C:\www\gpor-contrib\9may2011\framework\web\CWebApplication.php(121): CWebApplication->runController('favicon.ico')
#1 C:\www\gpor-contrib\9may2011\framework\base\CApplication.php(155): CWebApplication->processRequest()
#2 C:\www\gpor-contrib\9may2011\index.php(13): CApplication->run()
#3 {main} REQUEST_URI=/favicon.ico/
2011/04/21 09:01:56 [error] [exception.CHttpException.404] exception 'CHttpException' with message 'Unable to resolve the request "favicon.ico".' in C:\www\gpor-contrib\9may2011\framework\web\CWebApplication.php:332
Stack trace:
#0 C:\www\gpor-contrib\9may2011\framework\web\CWebApplication.php(121): CWebApplication->runController('favicon.ico')
#1 C:\www\gpor-contrib\9may2011\framework\base\CApplication.php(155): CWebApplication->processRequest()
#2 C:\www\gpor-contrib\9may2011\index.php(13): CApplication->run()
#3 {main} REQUEST_URI=/favicon.ico/
